<?xml version="1.0" encoding="UTF-8"?>
<coverage generated="1783948721504" clover="3.2.0">
  <project timestamp="1783948721504" name="All files">
    <metrics statements="72" coveredstatements="60" conditionals="42" coveredconditionals="27" methods="28" coveredmethods="22" elements="142" coveredelements="109" complexity="0" loc="72" ncloc="72" packages="4" files="7" classes="7"/>
    <package name="kraken-price-watcher">
      <metrics statements="4" coveredstatements="4" conditionals="2" coveredconditionals="1" methods="0" coveredmethods="0"/>
      <file name="theme.ts" path="/Users/admin/Desktop/kraken-price-watcher/theme.ts">
        <metrics statements="4" coveredstatements="4" conditionals="2" coveredconditionals="1" methods="0" coveredmethods="0"/>
        <line num="4" count="2" type="stmt"/>
        <line num="26" count="2" type="stmt"/>
        <line num="35" count="2" type="stmt"/>
        <line num="50" count="2" type="cond" truecount="1" falsecount="1"/>
      </file>
      <file name="types.ts" path="/Users/admin/Desktop/kraken-price-watcher/types.ts">
        <metrics statements="0" coveredstatements="0" conditionals="0" coveredconditionals="0" methods="0" coveredmethods="0"/>
      </file>
    </package>
    <package name="kraken-price-watcher.components.coinCard">
      <metrics statements="10" coveredstatements="10" conditionals="12" coveredconditionals="9" methods="4" coveredmethods="4"/>
      <file name="CoinCard.tsx" path="/Users/admin/Desktop/kraken-price-watcher/components/coinCard/CoinCard.tsx">
        <metrics statements="8" coveredstatements="8" conditionals="8" coveredconditionals="5" methods="3" coveredmethods="3"/>
        <line num="23" count="6" type="stmt"/>
        <line num="24" count="6" type="cond" truecount="2" falsecount="0"/>
        <line num="26" count="5" type="stmt"/>
        <line num="28" count="5" type="stmt"/>
        <line num="30" count="2" type="stmt"/>
        <line num="33" count="5" type="stmt"/>
        <line num="34" count="5" type="stmt"/>
        <line num="72" count="2" type="stmt"/>
      </file>
      <file name="CoinCardUtils.ts" path="/Users/admin/Desktop/kraken-price-watcher/components/coinCard/CoinCardUtils.ts">
        <metrics statements="2" coveredstatements="2" conditionals="4" coveredconditionals="4" methods="1" coveredmethods="1"/>
        <line num="4" count="8" type="stmt"/>
        <line num="5" count="8" type="stmt"/>
      </file>
    </package>
    <package name="kraken-price-watcher.screens">
      <metrics statements="24" coveredstatements="20" conditionals="18" coveredconditionals="12" methods="7" coveredmethods="5"/>
      <file name="PricesScreen.tsx" path="/Users/admin/Desktop/kraken-price-watcher/screens/PricesScreen.tsx">
        <metrics statements="24" coveredstatements="20" conditionals="18" coveredconditionals="12" methods="7" coveredmethods="5"/>
        <line num="29" count="12" type="stmt"/>
        <line num="32" count="12" type="stmt"/>
        <line num="33" count="12" type="stmt"/>
        <line num="34" count="12" type="stmt"/>
        <line num="35" count="12" type="stmt"/>
        <line num="38" count="12" type="stmt"/>
        <line num="42" count="12" type="stmt"/>
        <line num="43" count="12" type="cond" truecount="2" falsecount="2"/>
        <line num="47" count="12" type="stmt"/>
        <line num="48" count="3" type="stmt"/>
        <line num="51" count="12" type="stmt"/>
        <line num="52" count="0" type="stmt"/>
        <line num="53" count="0" type="stmt"/>
        <line num="54" count="0" type="stmt"/>
        <line num="57" count="12" type="cond" truecount="2" falsecount="0"/>
        <line num="58" count="6" type="stmt"/>
        <line num="65" count="6" type="cond" truecount="4" falsecount="0"/>
        <line num="66" count="1" type="stmt"/>
        <line num="69" count="0" type="stmt"/>
        <line num="76" count="5" type="stmt"/>
        <line num="94" count="3" type="stmt"/>
        <line num="98" count="3" type="stmt"/>
        <line num="100" count="1" type="stmt"/>
        <line num="115" count="1" type="stmt"/>
      </file>
    </package>
    <package name="kraken-price-watcher.store">
      <metrics statements="34" coveredstatements="26" conditionals="10" coveredconditionals="5" methods="17" coveredmethods="13"/>
      <file name="coinsSlice.ts" path="/Users/admin/Desktop/kraken-price-watcher/store/coinsSlice.ts">
        <metrics statements="32" coveredstatements="24" conditionals="10" coveredconditionals="5" methods="17" coveredmethods="13"/>
        <line num="6" count="2" type="stmt"/>
        <line num="15" count="2" type="stmt"/>
        <line num="28" count="2" type="stmt"/>
        <line num="33" count="3" type="stmt"/>
        <line num="34" count="3" type="stmt"/>
        <line num="35" count="3" type="cond" truecount="2" falsecount="0"/>
        <line num="36" count="2" type="stmt"/>
        <line num="38" count="1" type="stmt"/>
        <line num="44" count="2" type="stmt"/>
        <line num="50" count="0" type="stmt"/>
        <line num="51" count="0" type="stmt"/>
        <line num="52" count="0" type="stmt"/>
        <line num="53" count="0" type="stmt"/>
        <line num="55" count="0" type="cond" truecount="0" falsecount="2"/>
        <line num="56" count="0" type="stmt"/>
        <line num="57" count="0" type="stmt"/>
        <line num="62" count="0" type="stmt"/>
        <line num="66" count="2" type="stmt"/>
        <line num="68" count="3" type="cond" truecount="1" falsecount="1"/>
        <line num="69" count="3" type="stmt"/>
        <line num="72" count="2" type="stmt"/>
        <line num="73" count="2" type="stmt"/>
        <line num="76" count="1" type="stmt"/>
        <line num="77" count="1" type="cond" truecount="1" falsecount="1"/>
        <line num="82" count="2" type="stmt"/>
        <line num="86" count="2" type="stmt"/>
        <line num="87" count="12" type="stmt"/>
        <line num="88" count="12" type="stmt"/>
        <line num="89" count="12" type="stmt"/>
        <line num="95" count="12" type="stmt"/>
        <line num="96" count="6" type="stmt"/>
        <line num="97" count="12" type="stmt"/>
      </file>
      <file name="hooks.ts" path="/Users/admin/Desktop/kraken-price-watcher/store/hooks.ts">
        <metrics statements="2" coveredstatements="2" conditionals="0" coveredconditionals="0" methods="0" coveredmethods="0"/>
        <line num="5" count="2" type="stmt"/>
        <line num="6" count="2" type="stmt"/>
      </file>
    </package>
  </project>
</coverage>
