{"/Users/admin/Desktop/kraken-price-watcher/theme.ts": {"path":"/Users/admin/Desktop/kraken-price-watcher/theme.ts","statementMap":{"0":{"start":{"line":4,"column":21},"end":{"line":24,"column":10}},"1":{"start":{"line":26,"column":38},"end":{"line":32,"column":1}},"2":{"start":{"line":35,"column":10},"end":{"line":45,"column":1}},"3":{"start":{"line":50,"column":2},"end":{"line":55,"column":15}}},"fnMap":{},"branchMap":{"0":{"loc":{"start":{"line":50,"column":2},"end":{"line":55,"column":15}},"type":"cond-expr","locations":[{"start":{"line":51,"column":7},"end":{"line":54,"column":31}},{"start":{"line":55,"column":6},"end":{"line":55,"column":15}}],"line":50}},"s":{"0":2,"1":2,"2":2,"3":2},"f":{},"b":{"0":[2,0]},"_coverageSchema":"1a1c01bbd47fc00a2c39e90264f33305004495a9","hash":"ed1a8836ebbe316d1d68782718f7d37f18b67501"}
,"/Users/admin/Desktop/kraken-price-watcher/types.ts": {"path":"/Users/admin/Desktop/kraken-price-watcher/types.ts","statementMap":{},"fnMap":{},"branchMap":{},"s":{},"f":{},"b":{},"_coverageSchema":"1a1c01bbd47fc00a2c39e90264f33305004495a9","hash":"520c1187734e4dbe2335a23976c18d0e77604fd6"}
,"/Users/admin/Desktop/kraken-price-watcher/components/coinCard/CoinCard.tsx": {"path":"/Users/admin/Desktop/kraken-price-watcher/components/coinCard/CoinCard.tsx","statementMap":{"0":{"start":{"line":23,"column":15},"end":{"line":23,"column":53}},"1":{"start":{"line":24,"column":2},"end":{"line":24,"column":25}},"2":{"start":{"line":24,"column":13},"end":{"line":24,"column":25}},"3":{"start":{"line":26,"column":22},"end":{"line":26,"column":42}},"4":{"start":{"line":28,"column":2},"end":{"line":69,"column":4}},"5":{"start":{"line":30,"column":21},"end":{"line":30,"column":35}},"6":{"start":{"line":33,"column":37},"end":{"line":33,"column":63}},"7":{"start":{"line":34,"column":8},"end":{"line":39,"column":10}},"8":{"start":{"line":72,"column":15},"end":{"line":100,"column":2}}},"fnMap":{"0":{"name":"CoinCard","decl":{"start":{"line":22,"column":24},"end":{"line":22,"column":32}},"loc":{"start":{"line":22,"column":70},"end":{"line":70,"column":1}},"line":22},"1":{"name":"(anonymous_1)","decl":{"start":{"line":30,"column":15},"end":{"line":30,"column":16}},"loc":{"start":{"line":30,"column":21},"end":{"line":30,"column":35}},"line":30},"2":{"name":"(anonymous_2)","decl":{"start":{"line":32,"column":13},"end":{"line":32,"column":14}},"loc":{"start":{"line":32,"column":24},"end":{"line":40,"column":7}},"line":32}},"branchMap":{"0":{"loc":{"start":{"line":24,"column":2},"end":{"line":24,"column":25}},"type":"if","locations":[{"start":{"line":24,"column":2},"end":{"line":24,"column":25}},{"start":{},"end":{}}],"line":24},"1":{"loc":{"start":{"line":37,"column":10},"end":{"line":37,"column":39}},"type":"binary-expr","locations":[{"start":{"line":37,"column":10},"end":{"line":37,"column":17}},{"start":{"line":37,"column":21},"end":{"line":37,"column":39}}],"line":37},"2":{"loc":{"start":{"line":38,"column":10},"end":{"line":38,"column":39}},"type":"binary-expr","locations":[{"start":{"line":38,"column":10},"end":{"line":38,"column":17}},{"start":{"line":38,"column":21},"end":{"line":38,"column":39}}],"line":38},"3":{"loc":{"start":{"line":63,"column":29},"end":{"line":63,"column":79}},"type":"cond-expr","locations":[{"start":{"line":63,"column":48},"end":{"line":63,"column":61}},{"start":{"line":63,"column":64},"end":{"line":63,"column":79}}],"line":63}},"s":{"0":6,"1":6,"2":1,"3":5,"4":5,"5":2,"6":5,"7":5,"8":2},"f":{"0":6,"1":2,"2":5},"b":{"0":[1,5],"1":[5,0],"2":[5,0],"3":[0,5]},"_coverageSchema":"1a1c01bbd47fc00a2c39e90264f33305004495a9","hash":"84b7e613fa45b08568471d143517d568140a2ce4"}
,"/Users/admin/Desktop/kraken-price-watcher/components/coinCard/CoinCardUtils.ts": {"path":"/Users/admin/Desktop/kraken-price-watcher/components/coinCard/CoinCardUtils.ts","statementMap":{"0":{"start":{"line":4,"column":13},"end":{"line":4,"column":50}},"1":{"start":{"line":5,"column":2},"end":{"line":11,"column":4}}},"fnMap":{"0":{"name":"getCoinDetails","decl":{"start":{"line":3,"column":16},"end":{"line":3,"column":30}},"loc":{"start":{"line":3,"column":43},"end":{"line":12,"column":1}},"line":3}},"branchMap":{"0":{"loc":{"start":{"line":8,"column":20},"end":{"line":8,"column":34}},"type":"cond-expr","locations":[{"start":{"line":8,"column":25},"end":{"line":8,"column":28}},{"start":{"line":8,"column":31},"end":{"line":8,"column":34}}],"line":8},"1":{"loc":{"start":{"line":10,"column":11},"end":{"line":10,"column":37}},"type":"cond-expr","locations":[{"start":{"line":10,"column":16},"end":{"line":10,"column":25}},{"start":{"line":10,"column":28},"end":{"line":10,"column":37}}],"line":10}},"s":{"0":8,"1":8},"f":{"0":8},"b":{"0":[1,7],"1":[1,7]},"_coverageSchema":"1a1c01bbd47fc00a2c39e90264f33305004495a9","hash":"cfe70b76651956ef956917fc2007b672ad3cd7e1"}
,"/Users/admin/Desktop/kraken-price-watcher/screens/PricesScreen.tsx": {"path":"/Users/admin/Desktop/kraken-price-watcher/screens/PricesScreen.tsx","statementMap":{"0":{"start":{"line":29,"column":19},"end":{"line":29,"column":35}},"1":{"start":{"line":32,"column":18},"end":{"line":32,"column":61}},"2":{"start":{"line":33,"column":17},"end":{"line":33,"column":50}},"3":{"start":{"line":34,"column":16},"end":{"line":34,"column":48}},"4":{"start":{"line":35,"column":15},"end":{"line":35,"column":41}},"5":{"start":{"line":38,"column":38},"end":{"line":38,"column":53}},"6":{"start":{"line":42,"column":20},"end":{"line":42,"column":41}},"7":{"start":{"line":43,"column":21},"end":{"line":43,"column":60}},"8":{"start":{"line":47,"column":2},"end":{"line":49,"column":17}},"9":{"start":{"line":48,"column":4},"end":{"line":48,"column":27}},"10":{"start":{"line":51,"column":20},"end":{"line":55,"column":16}},"11":{"start":{"line":52,"column":4},"end":{"line":52,"column":24}},"12":{"start":{"line":53,"column":4},"end":{"line":53,"column":33}},"13":{"start":{"line":54,"column":4},"end":{"line":54,"column":25}},"14":{"start":{"line":57,"column":2},"end":{"line":63,"column":3}},"15":{"start":{"line":58,"column":4},"end":{"line":62,"column":6}},"16":{"start":{"line":65,"column":2},"end":{"line":74,"column":3}},"17":{"start":{"line":66,"column":4},"end":{"line":73,"column":6}},"18":{"start":{"line":69,"column":50},"end":{"line":69,"column":72}},"19":{"start":{"line":76,"column":2},"end":{"line":112,"column":4}},"20":{"start":{"line":94,"column":30},"end":{"line":94,"column":32}},"21":{"start":{"line":98,"column":10},"end":{"line":101,"column":12}},"22":{"start":{"line":100,"column":32},"end":{"line":100,"column":75}},"23":{"start":{"line":115,"column":15},"end":{"line":145,"column":2}}},"fnMap":{"0":{"name":"PricesScreen","decl":{"start":{"line":28,"column":24},"end":{"line":28,"column":36}},"loc":{"start":{"line":28,"column":60},"end":{"line":113,"column":1}},"line":28},"1":{"name":"(anonymous_1)","decl":{"start":{"line":47,"column":12},"end":{"line":47,"column":13}},"loc":{"start":{"line":47,"column":18},"end":{"line":49,"column":3}},"line":47},"2":{"name":"(anonymous_2)","decl":{"start":{"line":51,"column":32},"end":{"line":51,"column":33}},"loc":{"start":{"line":51,"column":44},"end":{"line":55,"column":3}},"line":51},"3":{"name":"(anonymous_3)","decl":{"start":{"line":69,"column":44},"end":{"line":69,"column":45}},"loc":{"start":{"line":69,"column":50},"end":{"line":69,"column":72}},"line":69},"4":{"name":"(anonymous_4)","decl":{"start":{"line":94,"column":22},"end":{"line":94,"column":23}},"loc":{"start":{"line":94,"column":30},"end":{"line":94,"column":32}},"line":94},"5":{"name":"(anonymous_5)","decl":{"start":{"line":97,"column":20},"end":{"line":97,"column":21}},"loc":{"start":{"line":98,"column":10},"end":{"line":101,"column":12}},"line":98},"6":{"name":"(anonymous_6)","decl":{"start":{"line":100,"column":22},"end":{"line":100,"column":23}},"loc":{"start":{"line":100,"column":32},"end":{"line":100,"column":75}},"line":100}},"branchMap":{"0":{"loc":{"start":{"line":43,"column":21},"end":{"line":43,"column":60}},"type":"cond-expr","locations":[{"start":{"line":43,"column":36},"end":{"line":43,"column":37}},{"start":{"line":43,"column":40},"end":{"line":43,"column":60}}],"line":43},"1":{"loc":{"start":{"line":43,"column":40},"end":{"line":43,"column":60}},"type":"cond-expr","locations":[{"start":{"line":43,"column":55},"end":{"line":43,"column":56}},{"start":{"line":43,"column":59},"end":{"line":43,"column":60}}],"line":43},"2":{"loc":{"start":{"line":57,"column":2},"end":{"line":63,"column":3}},"type":"if","locations":[{"start":{"line":57,"column":2},"end":{"line":63,"column":3}},{"start":{},"end":{}}],"line":57},"3":{"loc":{"start":{"line":65,"column":2},"end":{"line":74,"column":3}},"type":"if","locations":[{"start":{"line":65,"column":2},"end":{"line":74,"column":3}},{"start":{},"end":{}}],"line":65},"4":{"loc":{"start":{"line":65,"column":6},"end":{"line":65,"column":59}},"type":"binary-expr","locations":[{"start":{"line":65,"column":6},"end":{"line":65,"column":35}},{"start":{"line":65,"column":39},"end":{"line":65,"column":59}}],"line":65},"5":{"loc":{"start":{"line":68,"column":40},"end":{"line":68,"column":71}},"type":"binary-expr","locations":[{"start":{"line":68,"column":40},"end":{"line":68,"column":45}},{"start":{"line":68,"column":49},"end":{"line":68,"column":71}}],"line":68},"6":{"loc":{"start":{"line":82,"column":51},"end":{"line":82,"column":92}},"type":"cond-expr","locations":[{"start":{"line":82,"column":58},"end":{"line":82,"column":72}},{"start":{"line":82,"column":75},"end":{"line":82,"column":92}}],"line":82},"7":{"loc":{"start":{"line":84,"column":41},"end":{"line":84,"column":70}},"type":"cond-expr","locations":[{"start":{"line":84,"column":48},"end":{"line":84,"column":54}},{"start":{"line":84,"column":57},"end":{"line":84,"column":70}}],"line":84},"8":{"loc":{"start":{"line":95,"column":28},"end":{"line":95,"column":70}},"type":"cond-expr","locations":[{"start":{"line":95,"column":45},"end":{"line":95,"column":58}},{"start":{"line":95,"column":61},"end":{"line":95,"column":70}}],"line":95}},"s":{"0":12,"1":12,"2":12,"3":12,"4":12,"5":12,"6":12,"7":12,"8":12,"9":3,"10":12,"11":0,"12":0,"13":0,"14":12,"15":6,"16":6,"17":1,"18":0,"19":5,"20":3,"21":3,"22":1,"23":1},"f":{"0":12,"1":3,"2":0,"3":0,"4":3,"5":3,"6":1},"b":{"0":[0,12],"1":[0,12],"2":[6,6],"3":[1,5],"4":[6,1],"5":[1,0],"6":[0,5],"7":[0,5],"8":[0,5]},"_coverageSchema":"1a1c01bbd47fc00a2c39e90264f33305004495a9","hash":"5e88b2639ddfee4c493b84e5d3200a5e6f19f8b8"}
,"/Users/admin/Desktop/kraken-price-watcher/store/coinsSlice.ts": {"path":"/Users/admin/Desktop/kraken-price-watcher/store/coinsSlice.ts","statementMap":{"0":{"start":{"line":6,"column":2},"end":{"line":6,"column":165}},"1":{"start":{"line":15,"column":33},"end":{"line":19,"column":1}},"2":{"start":{"line":28,"column":26},"end":{"line":42,"column":2}},"3":{"start":{"line":33,"column":2},"end":{"line":41,"column":3}},"4":{"start":{"line":34,"column":16},"end":{"line":34,"column":40}},"5":{"start":{"line":35,"column":4},"end":{"line":35,"column":55}},"6":{"start":{"line":35,"column":17},"end":{"line":35,"column":55}},"7":{"start":{"line":36,"column":4},"end":{"line":36,"column":40}},"8":{"start":{"line":38,"column":4},"end":{"line":40,"column":6}},"9":{"start":{"line":44,"column":19},"end":{"line":80,"column":2}},"10":{"start":{"line":50,"column":6},"end":{"line":59,"column":7}},"11":{"start":{"line":51,"column":8},"end":{"line":51,"column":64}},"12":{"start":{"line":52,"column":21},"end":{"line":54,"column":9}},"13":{"start":{"line":53,"column":17},"end":{"line":53,"column":55}},"14":{"start":{"line":55,"column":8},"end":{"line":58,"column":9}},"15":{"start":{"line":56,"column":10},"end":{"line":56,"column":41}},"16":{"start":{"line":57,"column":10},"end":{"line":57,"column":60}},"17":{"start":{"line":62,"column":6},"end":{"line":62,"column":34}},"18":{"start":{"line":66,"column":4},"end":{"line":78,"column":9}},"19":{"start":{"line":68,"column":8},"end":{"line":68,"column":73}},"20":{"start":{"line":68,"column":38},"end":{"line":68,"column":73}},"21":{"start":{"line":69,"column":8},"end":{"line":69,"column":32}},"22":{"start":{"line":72,"column":8},"end":{"line":72,"column":37}},"23":{"start":{"line":73,"column":8},"end":{"line":73,"column":45}},"24":{"start":{"line":76,"column":8},"end":{"line":76,"column":42}},"25":{"start":{"line":77,"column":8},"end":{"line":77,"column":64}},"26":{"start":{"line":82,"column":55},"end":{"line":82,"column":73}},"27":{"start":{"line":86,"column":27},"end":{"line":86,"column":58}},"28":{"start":{"line":86,"column":45},"end":{"line":86,"column":58}},"29":{"start":{"line":87,"column":33},"end":{"line":87,"column":65}},"30":{"start":{"line":87,"column":51},"end":{"line":87,"column":65}},"31":{"start":{"line":88,"column":32},"end":{"line":88,"column":63}},"32":{"start":{"line":88,"column":50},"end":{"line":88,"column":63}},"33":{"start":{"line":89,"column":26},"end":{"line":89,"column":56}},"34":{"start":{"line":89,"column":44},"end":{"line":89,"column":56}},"35":{"start":{"line":95,"column":29},"end":{"line":95,"column":77}},"36":{"start":{"line":95,"column":47},"end":{"line":95,"column":77}},"37":{"start":{"line":95,"column":72},"end":{"line":95,"column":76}},"38":{"start":{"line":96,"column":30},"end":{"line":97,"column":40}},"39":{"start":{"line":96,"column":46},"end":{"line":97,"column":40}},"40":{"start":{"line":97,"column":2},"end":{"line":97,"column":40}},"41":{"start":{"line":97,"column":28},"end":{"line":97,"column":39}}},"fnMap":{"0":{"name":"(anonymous_0)","decl":{"start":{"line":32,"column":17},"end":{"line":32,"column":18}},"loc":{"start":{"line":32,"column":51},"end":{"line":42,"column":1}},"line":32},"1":{"name":"(anonymous_1)","decl":{"start":{"line":49,"column":4},"end":{"line":49,"column":5}},"loc":{"start":{"line":49,"column":63},"end":{"line":60,"column":5}},"line":49},"2":{"name":"(anonymous_2)","decl":{"start":{"line":53,"column":10},"end":{"line":53,"column":11}},"loc":{"start":{"line":53,"column":17},"end":{"line":53,"column":55}},"line":53},"3":{"name":"(anonymous_3)","decl":{"start":{"line":61,"column":4},"end":{"line":61,"column":5}},"loc":{"start":{"line":61,"column":63},"end":{"line":63,"column":5}},"line":61},"4":{"name":"(anonymous_4)","decl":{"start":{"line":65,"column":17},"end":{"line":65,"column":18}},"loc":{"start":{"line":65,"column":30},"end":{"line":79,"column":3}},"line":65},"5":{"name":"(anonymous_5)","decl":{"start":{"line":67,"column":35},"end":{"line":67,"column":36}},"loc":{"start":{"line":67,"column":46},"end":{"line":70,"column":7}},"line":67},"6":{"name":"(anonymous_6)","decl":{"start":{"line":71,"column":37},"end":{"line":71,"column":38}},"loc":{"start":{"line":71,"column":79},"end":{"line":74,"column":7}},"line":71},"7":{"name":"(anonymous_7)","decl":{"start":{"line":75,"column":36},"end":{"line":75,"column":37}},"loc":{"start":{"line":75,"column":55},"end":{"line":78,"column":7}},"line":75},"8":{"name":"(anonymous_8)","decl":{"start":{"line":86,"column":27},"end":{"line":86,"column":28}},"loc":{"start":{"line":86,"column":45},"end":{"line":86,"column":58}},"line":86},"9":{"name":"(anonymous_9)","decl":{"start":{"line":87,"column":33},"end":{"line":87,"column":34}},"loc":{"start":{"line":87,"column":51},"end":{"line":87,"column":65}},"line":87},"10":{"name":"(anonymous_10)","decl":{"start":{"line":88,"column":32},"end":{"line":88,"column":33}},"loc":{"start":{"line":88,"column":50},"end":{"line":88,"column":63}},"line":88},"11":{"name":"(anonymous_11)","decl":{"start":{"line":89,"column":26},"end":{"line":89,"column":27}},"loc":{"start":{"line":89,"column":44},"end":{"line":89,"column":56}},"line":89},"12":{"name":"(anonymous_12)","decl":{"start":{"line":95,"column":29},"end":{"line":95,"column":30}},"loc":{"start":{"line":95,"column":47},"end":{"line":95,"column":77}},"line":95},"13":{"name":"(anonymous_13)","decl":{"start":{"line":95,"column":65},"end":{"line":95,"column":66}},"loc":{"start":{"line":95,"column":72},"end":{"line":95,"column":76}},"line":95},"14":{"name":"(anonymous_14)","decl":{"start":{"line":96,"column":30},"end":{"line":96,"column":31}},"loc":{"start":{"line":96,"column":46},"end":{"line":97,"column":40}},"line":96},"15":{"name":"(anonymous_15)","decl":{"start":{"line":96,"column":46},"end":{"line":96,"column":47}},"loc":{"start":{"line":97,"column":2},"end":{"line":97,"column":40}},"line":97},"16":{"name":"(anonymous_16)","decl":{"start":{"line":97,"column":21},"end":{"line":97,"column":22}},"loc":{"start":{"line":97,"column":28},"end":{"line":97,"column":39}},"line":97}},"branchMap":{"0":{"loc":{"start":{"line":35,"column":4},"end":{"line":35,"column":55}},"type":"if","locations":[{"start":{"line":35,"column":4},"end":{"line":35,"column":55}},{"start":{},"end":{}}],"line":35},"1":{"loc":{"start":{"line":39,"column":6},"end":{"line":39,"column":62}},"type":"cond-expr","locations":[{"start":{"line":39,"column":27},"end":{"line":39,"column":36}},{"start":{"line":39,"column":39},"end":{"line":39,"column":62}}],"line":39},"2":{"loc":{"start":{"line":55,"column":8},"end":{"line":58,"column":9}},"type":"if","locations":[{"start":{"line":55,"column":8},"end":{"line":58,"column":9}},{"start":{},"end":{}}],"line":55},"3":{"loc":{"start":{"line":68,"column":8},"end":{"line":68,"column":73}},"type":"if","locations":[{"start":{"line":68,"column":8},"end":{"line":68,"column":73}},{"start":{},"end":{}}],"line":68},"4":{"loc":{"start":{"line":77,"column":22},"end":{"line":77,"column":63}},"type":"binary-expr","locations":[{"start":{"line":77,"column":22},"end":{"line":77,"column":36}},{"start":{"line":77,"column":40},"end":{"line":77,"column":63}}],"line":77}},"s":{"0":2,"1":2,"2":2,"3":3,"4":3,"5":3,"6":1,"7":2,"8":1,"9":2,"10":0,"11":0,"12":0,"13":0,"14":0,"15":0,"16":0,"17":0,"18":2,"19":3,"20":3,"21":3,"22":2,"23":2,"24":1,"25":1,"26":2,"27":2,"28":0,"29":2,"30":12,"31":2,"32":12,"33":2,"34":12,"35":2,"36":12,"37":3,"38":2,"39":6,"40":12,"41":12},"f":{"0":3,"1":0,"2":0,"3":0,"4":2,"5":3,"6":2,"7":1,"8":0,"9":12,"10":12,"11":12,"12":12,"13":3,"14":6,"15":12,"16":12},"b":{"0":[1,2],"1":[1,0],"2":[0,0],"3":[3,0],"4":[1,0]},"_coverageSchema":"1a1c01bbd47fc00a2c39e90264f33305004495a9","hash":"5f7ffca1be05aa970bafb027baee933ecfeaa2d7"}
,"/Users/admin/Desktop/kraken-price-watcher/store/hooks.ts": {"path":"/Users/admin/Desktop/kraken-price-watcher/store/hooks.ts","statementMap":{"0":{"start":{"line":5,"column":49},"end":{"line":5,"column":60}},"1":{"start":{"line":6,"column":63},"end":{"line":6,"column":74}}},"fnMap":{},"branchMap":{},"s":{"0":2,"1":2},"f":{},"b":{},"_coverageSchema":"1a1c01bbd47fc00a2c39e90264f33305004495a9","hash":"4387922e0e420144253c260d538c5310d875f4a3"}
}
