{"/Users/admin/Desktop/kraken-price-watcher/App.tsx": {"path":"/Users/admin/Desktop/kraken-price-watcher/App.tsx","statementMap":{"0":{"start":{"line":13,"column":14},"end":{"line":13,"column":62}},"1":{"start":{"line":16,"column":2},"end":{"line":35,"column":4}}},"fnMap":{"0":{"name":"App","decl":{"start":{"line":15,"column":24},"end":{"line":15,"column":27}},"loc":{"start":{"line":15,"column":30},"end":{"line":36,"column":1}},"line":15}},"branchMap":{},"s":{"0":0,"1":0},"f":{"0":0},"b":{}}
,"/Users/admin/Desktop/kraken-price-watcher/theme.ts": {"path":"/Users/admin/Desktop/kraken-price-watcher/theme.ts","statementMap":{"0":{"start":{"line":4,"column":21},"end":{"line":26,"column":10}},"1":{"start":{"line":30,"column":28},"end":{"line":33,"column":2}},"2":{"start":{"line":30,"column":48},"end":{"line":33,"column":1}},"3":{"start":{"line":35,"column":38},"end":{"line":41,"column":1}},"4":{"start":{"line":44,"column":10},"end":{"line":54,"column":1}},"5":{"start":{"line":59,"column":2},"end":{"line":64,"column":15}}},"fnMap":{"0":{"name":"(anonymous_0)","decl":{"start":{"line":30,"column":28},"end":{"line":30,"column":29}},"loc":{"start":{"line":30,"column":48},"end":{"line":33,"column":1}},"line":30}},"branchMap":{"0":{"loc":{"start":{"line":31,"column":6},"end":{"line":31,"column":46}},"type":"cond-expr","locations":[{"start":{"line":31,"column":13},"end":{"line":31,"column":27}},{"start":{"line":31,"column":30},"end":{"line":31,"column":46}}],"line":31},"1":{"loc":{"start":{"line":32,"column":8},"end":{"line":32,"column":46}},"type":"cond-expr","locations":[{"start":{"line":32,"column":15},"end":{"line":32,"column":28}},{"start":{"line":32,"column":31},"end":{"line":32,"column":46}}],"line":32},"2":{"loc":{"start":{"line":59,"column":2},"end":{"line":64,"column":15}},"type":"cond-expr","locations":[{"start":{"line":60,"column":7},"end":{"line":63,"column":31}},{"start":{"line":64,"column":6},"end":{"line":64,"column":15}}],"line":59}},"s":{"0":8,"1":8,"2":17,"3":8,"4":8,"5":8},"f":{"0":17},"b":{"0":[9,8],"1":[9,8],"2":[8,0]},"_coverageSchema":"1a1c01bbd47fc00a2c39e90264f33305004495a9","hash":"a636282fa1a3e27348dedef6c13ac43647129ed5"}
,"/Users/admin/Desktop/kraken-price-watcher/types.ts": {"path":"/Users/admin/Desktop/kraken-price-watcher/types.ts","statementMap":{},"fnMap":{},"branchMap":{},"s":{},"f":{},"b":{},"_coverageSchema":"1a1c01bbd47fc00a2c39e90264f33305004495a9","hash":"520c1187734e4dbe2335a23976c18d0e77604fd6"}
,"/Users/admin/Desktop/kraken-price-watcher/components/animatedPrice/AnimatedPrice.tsx": {"path":"/Users/admin/Desktop/kraken-price-watcher/components/animatedPrice/AnimatedPrice.tsx","statementMap":{"0":{"start":{"line":14,"column":21},"end":{"line":14,"column":62}},"1":{"start":{"line":14,"column":36},"end":{"line":14,"column":61}},"2":{"start":{"line":15,"column":26},"end":{"line":15,"column":60}},"3":{"start":{"line":15,"column":41},"end":{"line":15,"column":59}},"4":{"start":{"line":20,"column":2},"end":{"line":26,"column":17}},"5":{"start":{"line":21,"column":15},"end":{"line":24,"column":6}},"6":{"start":{"line":22,"column":19},"end":{"line":22,"column":33}},"7":{"start":{"line":23,"column":6},"end":{"line":23,"column":55}},"8":{"start":{"line":23,"column":25},"end":{"line":23,"column":52}},"9":{"start":{"line":25,"column":4},"end":{"line":25,"column":45}},"10":{"start":{"line":25,"column":17},"end":{"line":25,"column":44}},"11":{"start":{"line":28,"column":2},"end":{"line":37,"column":24}},"12":{"start":{"line":29,"column":17},"end":{"line":34,"column":6}},"13":{"start":{"line":35,"column":4},"end":{"line":35,"column":17}},"14":{"start":{"line":36,"column":4},"end":{"line":36,"column":29}},"15":{"start":{"line":36,"column":17},"end":{"line":36,"column":28}},"16":{"start":{"line":39,"column":2},"end":{"line":39,"column":43}}},"fnMap":{"0":{"name":"AnimatedPrice","decl":{"start":{"line":11,"column":24},"end":{"line":11,"column":37}},"loc":{"start":{"line":11,"column":76},"end":{"line":40,"column":1}},"line":11},"1":{"name":"(anonymous_1)","decl":{"start":{"line":14,"column":30},"end":{"line":14,"column":31}},"loc":{"start":{"line":14,"column":36},"end":{"line":14,"column":61}},"line":14},"2":{"name":"(anonymous_2)","decl":{"start":{"line":15,"column":35},"end":{"line":15,"column":36}},"loc":{"start":{"line":15,"column":41},"end":{"line":15,"column":59}},"line":15},"3":{"name":"(anonymous_3)","decl":{"start":{"line":20,"column":12},"end":{"line":20,"column":13}},"loc":{"start":{"line":20,"column":18},"end":{"line":26,"column":3}},"line":20},"4":{"name":"(anonymous_4)","decl":{"start":{"line":21,"column":36},"end":{"line":21,"column":37}},"loc":{"start":{"line":21,"column":54},"end":{"line":24,"column":5}},"line":21},"5":{"name":"(anonymous_5)","decl":{"start":{"line":23,"column":14},"end":{"line":23,"column":15}},"loc":{"start":{"line":23,"column":25},"end":{"line":23,"column":52}},"line":23},"6":{"name":"(anonymous_6)","decl":{"start":{"line":25,"column":11},"end":{"line":25,"column":12}},"loc":{"start":{"line":25,"column":17},"end":{"line":25,"column":44}},"line":25},"7":{"name":"(anonymous_7)","decl":{"start":{"line":28,"column":12},"end":{"line":28,"column":13}},"loc":{"start":{"line":28,"column":18},"end":{"line":37,"column":3}},"line":28},"8":{"name":"(anonymous_8)","decl":{"start":{"line":36,"column":11},"end":{"line":36,"column":12}},"loc":{"start":{"line":36,"column":17},"end":{"line":36,"column":28}},"line":36}},"branchMap":{"0":{"loc":{"start":{"line":23,"column":25},"end":{"line":23,"column":52}},"type":"cond-expr","locations":[{"start":{"line":23,"column":41},"end":{"line":23,"column":45}},{"start":{"line":23,"column":48},"end":{"line":23,"column":52}}],"line":23}},"s":{"0":2,"1":2,"2":2,"3":2,"4":2,"5":2,"6":2,"7":2,"8":2,"9":2,"10":2,"11":2,"12":2,"13":2,"14":2,"15":2,"16":2},"f":{"0":2,"1":2,"2":2,"3":2,"4":2,"5":2,"6":2,"7":2,"8":2},"b":{"0":[2,0]},"_coverageSchema":"1a1c01bbd47fc00a2c39e90264f33305004495a9","hash":"f2e98c926c905613aff1aceb9b486c0495481341"}
,"/Users/admin/Desktop/kraken-price-watcher/components/candlestickChart/CandlestickChart.tsx": {"path":"/Users/admin/Desktop/kraken-price-watcher/components/candlestickChart/CandlestickChart.tsx","statementMap":{"0":{"start":{"line":14,"column":19},"end":{"line":14,"column":21}},"1":{"start":{"line":15,"column":20},"end":{"line":15,"column":22}},"2":{"start":{"line":16,"column":22},"end":{"line":16,"column":23}},"3":{"start":{"line":17,"column":18},"end":{"line":17,"column":20}},"4":{"start":{"line":32,"column":20},"end":{"line":32,"column":51}},"5":{"start":{"line":33,"column":21},"end":{"line":33,"column":54}},"6":{"start":{"line":36,"column":23},"end":{"line":36,"column":43}},"7":{"start":{"line":37,"column":16},"end":{"line":37,"column":38}},"8":{"start":{"line":38,"column":17},"end":{"line":38,"column":64}},"9":{"start":{"line":40,"column":17},"end":{"line":44,"column":3}},"10":{"start":{"line":47,"column":19},"end":{"line":47,"column":69}},"11":{"start":{"line":49,"column":2},"end":{"line":118,"column":4}},"12":{"start":{"line":53,"column":18},"end":{"line":53,"column":49}},"13":{"start":{"line":54,"column":8},"end":{"line":73,"column":10}},"14":{"start":{"line":78,"column":22},"end":{"line":78,"column":62}},"15":{"start":{"line":79,"column":8},"end":{"line":97,"column":10}},"16":{"start":{"line":102,"column":18},"end":{"line":102,"column":29}},"17":{"start":{"line":103,"column":8},"end":{"line":103,"column":28}},"18":{"start":{"line":103,"column":16},"end":{"line":103,"column":28}},"19":{"start":{"line":104,"column":8},"end":{"line":115,"column":10}}},"fnMap":{"0":{"name":"CandlestickChart","decl":{"start":{"line":26,"column":24},"end":{"line":26,"column":40}},"loc":{"start":{"line":31,"column":26},"end":{"line":119,"column":1}},"line":31},"1":{"name":"(anonymous_1)","decl":{"start":{"line":52,"column":17},"end":{"line":52,"column":18}},"loc":{"start":{"line":52,"column":27},"end":{"line":74,"column":7}},"line":52},"2":{"name":"(anonymous_2)","decl":{"start":{"line":77,"column":18},"end":{"line":77,"column":19}},"loc":{"start":{"line":77,"column":28},"end":{"line":98,"column":7}},"line":77},"3":{"name":"(anonymous_3)","decl":{"start":{"line":101,"column":20},"end":{"line":101,"column":21}},"loc":{"start":{"line":101,"column":29},"end":{"line":116,"column":7}},"line":101}},"branchMap":{"0":{"loc":{"start":{"line":78,"column":22},"end":{"line":78,"column":62}},"type":"cond-expr","locations":[{"start":{"line":78,"column":29},"end":{"line":78,"column":43}},{"start":{"line":78,"column":46},"end":{"line":78,"column":62}}],"line":78},"1":{"loc":{"start":{"line":103,"column":8},"end":{"line":103,"column":28}},"type":"if","locations":[{"start":{"line":103,"column":8},"end":{"line":103,"column":28}},{"start":{},"end":{}}],"line":103}},"s":{"0":2,"1":2,"2":2,"3":2,"4":5,"5":5,"6":5,"7":5,"8":5,"9":5,"10":5,"11":5,"12":22,"13":22,"14":9,"15":9,"16":9,"17":9,"18":0,"19":9},"f":{"0":5,"1":22,"2":9,"3":9},"b":{"0":[8,1],"1":[0,9]},"_coverageSchema":"1a1c01bbd47fc00a2c39e90264f33305004495a9","hash":"1f5d8b3703d4e5b230fc5bb2cc86728a86658f05"}
,"/Users/admin/Desktop/kraken-price-watcher/components/candlestickChart/TimeframeSelector.tsx": {"path":"/Users/admin/Desktop/kraken-price-watcher/components/candlestickChart/TimeframeSelector.tsx","statementMap":{"0":{"start":{"line":12,"column":2},"end":{"line":31,"column":4}},"1":{"start":{"line":15,"column":25},"end":{"line":15,"column":37}},"2":{"start":{"line":16,"column":8},"end":{"line":28,"column":10}},"3":{"start":{"line":19,"column":27},"end":{"line":19,"column":39}},"4":{"start":{"line":34,"column":15},"end":{"line":45,"column":2}}},"fnMap":{"0":{"name":"TimeframeSelector","decl":{"start":{"line":11,"column":24},"end":{"line":11,"column":41}},"loc":{"start":{"line":11,"column":87},"end":{"line":32,"column":1}},"line":11},"1":{"name":"(anonymous_1)","decl":{"start":{"line":14,"column":22},"end":{"line":14,"column":23}},"loc":{"start":{"line":14,"column":30},"end":{"line":29,"column":7}},"line":14},"2":{"name":"(anonymous_2)","decl":{"start":{"line":19,"column":21},"end":{"line":19,"column":22}},"loc":{"start":{"line":19,"column":27},"end":{"line":19,"column":39}},"line":19}},"branchMap":{"0":{"loc":{"start":{"line":22,"column":33},"end":{"line":22,"column":64}},"type":"binary-expr","locations":[{"start":{"line":22,"column":33},"end":{"line":22,"column":41}},{"start":{"line":22,"column":45},"end":{"line":22,"column":64}}],"line":22},"1":{"loc":{"start":{"line":24,"column":40},"end":{"line":24,"column":72}},"type":"binary-expr","locations":[{"start":{"line":24,"column":40},"end":{"line":24,"column":48}},{"start":{"line":24,"column":52},"end":{"line":24,"column":72}}],"line":24}},"s":{"0":7,"1":21,"2":21,"3":2,"4":2},"f":{"0":7,"1":21,"2":2},"b":{"0":[21,7],"1":[21,7]},"_coverageSchema":"1a1c01bbd47fc00a2c39e90264f33305004495a9","hash":"f9f1be19b334f4b956107b818aca912f4c9c103a"}
,"/Users/admin/Desktop/kraken-price-watcher/components/coinCard/CoinCard.tsx": {"path":"/Users/admin/Desktop/kraken-price-watcher/components/coinCard/CoinCard.tsx","statementMap":{"0":{"start":{"line":22,"column":15},"end":{"line":22,"column":53}},"1":{"start":{"line":23,"column":2},"end":{"line":23,"column":25}},"2":{"start":{"line":23,"column":13},"end":{"line":23,"column":25}},"3":{"start":{"line":25,"column":22},"end":{"line":25,"column":42}},"4":{"start":{"line":26,"column":17},"end":{"line":26,"column":47}},"5":{"start":{"line":28,"column":2},"end":{"line":66,"column":4}},"6":{"start":{"line":33,"column":37},"end":{"line":33,"column":63}},"7":{"start":{"line":34,"column":8},"end":{"line":39,"column":10}},"8":{"start":{"line":69,"column":15},"end":{"line":97,"column":2}}},"fnMap":{"0":{"name":"CoinCard","decl":{"start":{"line":21,"column":24},"end":{"line":21,"column":32}},"loc":{"start":{"line":21,"column":70},"end":{"line":67,"column":1}},"line":21},"1":{"name":"(anonymous_1)","decl":{"start":{"line":32,"column":13},"end":{"line":32,"column":14}},"loc":{"start":{"line":32,"column":24},"end":{"line":40,"column":7}},"line":32}},"branchMap":{"0":{"loc":{"start":{"line":23,"column":2},"end":{"line":23,"column":25}},"type":"if","locations":[{"start":{"line":23,"column":2},"end":{"line":23,"column":25}},{"start":{},"end":{}}],"line":23},"1":{"loc":{"start":{"line":37,"column":10},"end":{"line":37,"column":39}},"type":"binary-expr","locations":[{"start":{"line":37,"column":10},"end":{"line":37,"column":17}},{"start":{"line":37,"column":21},"end":{"line":37,"column":39}}],"line":37},"2":{"loc":{"start":{"line":38,"column":10},"end":{"line":38,"column":39}},"type":"binary-expr","locations":[{"start":{"line":38,"column":10},"end":{"line":38,"column":17}},{"start":{"line":38,"column":21},"end":{"line":38,"column":39}}],"line":38}},"s":{"0":6,"1":6,"2":1,"3":5,"4":5,"5":5,"6":5,"7":5,"8":2},"f":{"0":6,"1":5},"b":{"0":[1,5],"1":[5,0],"2":[5,0]},"_coverageSchema":"1a1c01bbd47fc00a2c39e90264f33305004495a9","hash":"2e7fc3ef93282f65854f907d28a05d552cb46257"}
,"/Users/admin/Desktop/kraken-price-watcher/components/coinCard/CoinCardUtils.ts": {"path":"/Users/admin/Desktop/kraken-price-watcher/components/coinCard/CoinCardUtils.ts","statementMap":{"0":{"start":{"line":4,"column":13},"end":{"line":4,"column":50}},"1":{"start":{"line":5,"column":2},"end":{"line":12,"column":4}}},"fnMap":{"0":{"name":"getCoinDetails","decl":{"start":{"line":3,"column":16},"end":{"line":3,"column":30}},"loc":{"start":{"line":3,"column":43},"end":{"line":13,"column":1}},"line":3}},"branchMap":{"0":{"loc":{"start":{"line":8,"column":20},"end":{"line":8,"column":34}},"type":"cond-expr","locations":[{"start":{"line":8,"column":25},"end":{"line":8,"column":28}},{"start":{"line":8,"column":31},"end":{"line":8,"column":34}}],"line":8}},"s":{"0":10,"1":10},"f":{"0":10},"b":{"0":[1,9]},"_coverageSchema":"1a1c01bbd47fc00a2c39e90264f33305004495a9","hash":"7cd6d365747e2b46107054552bee13441a969e42"}
,"/Users/admin/Desktop/kraken-price-watcher/components/coinChart/CoinChart.tsx": {"path":"/Users/admin/Desktop/kraken-price-watcher/components/coinChart/CoinChart.tsx","statementMap":{"0":{"start":{"line":20,"column":21},"end":{"line":20,"column":24}},"1":{"start":{"line":28,"column":36},"end":{"line":28,"column":72}},"2":{"start":{"line":29,"column":34},"end":{"line":29,"column":52}},"3":{"start":{"line":34,"column":18},"end":{"line":34,"column":42}},"4":{"start":{"line":37,"column":22},"end":{"line":40,"column":3}},"5":{"start":{"line":38,"column":10},"end":{"line":38,"column":50}},"6":{"start":{"line":41,"column":17},"end":{"line":44,"column":3}},"7":{"start":{"line":42,"column":10},"end":{"line":42,"column":38}},"8":{"start":{"line":46,"column":20},"end":{"line":46,"column":41}},"9":{"start":{"line":47,"column":21},"end":{"line":47,"column":47}},"10":{"start":{"line":49,"column":2},"end":{"line":86,"column":4}},"11":{"start":{"line":89,"column":15},"end":{"line":108,"column":2}}},"fnMap":{"0":{"name":"CoinChart","decl":{"start":{"line":27,"column":24},"end":{"line":27,"column":33}},"loc":{"start":{"line":27,"column":73},"end":{"line":87,"column":1}},"line":27},"1":{"name":"(anonymous_1)","decl":{"start":{"line":38,"column":4},"end":{"line":38,"column":5}},"loc":{"start":{"line":38,"column":10},"end":{"line":38,"column":50}},"line":38},"2":{"name":"(anonymous_2)","decl":{"start":{"line":42,"column":4},"end":{"line":42,"column":5}},"loc":{"start":{"line":42,"column":10},"end":{"line":42,"column":38}},"line":42}},"branchMap":{"0":{"loc":{"start":{"line":38,"column":25},"end":{"line":38,"column":38}},"type":"binary-expr","locations":[{"start":{"line":38,"column":25},"end":{"line":38,"column":32}},{"start":{"line":38,"column":36},"end":{"line":38,"column":38}}],"line":38},"1":{"loc":{"start":{"line":52,"column":9},"end":{"line":65,"column":9}},"type":"binary-expr","locations":[{"start":{"line":52,"column":9},"end":{"line":52,"column":23}},{"start":{"line":53,"column":10},"end":{"line":64,"column":17}}],"line":52},"2":{"loc":{"start":{"line":70,"column":9},"end":{"line":72,"column":9}},"type":"binary-expr","locations":[{"start":{"line":70,"column":9},"end":{"line":70,"column":39}},{"start":{"line":71,"column":10},"end":{"line":71,"column":58}}],"line":70},"3":{"loc":{"start":{"line":73,"column":9},"end":{"line":75,"column":9}},"type":"binary-expr","locations":[{"start":{"line":73,"column":9},"end":{"line":73,"column":38}},{"start":{"line":74,"column":10},"end":{"line":74,"column":63}}],"line":73},"4":{"loc":{"start":{"line":76,"column":9},"end":{"line":83,"column":9}},"type":"binary-expr","locations":[{"start":{"line":76,"column":9},"end":{"line":76,"column":41}},{"start":{"line":76,"column":45},"end":{"line":76,"column":67}},{"start":{"line":77,"column":10},"end":{"line":82,"column":12}}],"line":76}},"s":{"0":1,"1":6,"2":6,"3":6,"4":6,"5":5,"6":6,"7":5,"8":6,"9":6,"10":6,"11":1},"f":{"0":6,"1":5,"2":5},"b":{"0":[5,2],"1":[6,4],"2":[6,1],"3":[6,1],"4":[6,4,4]},"_coverageSchema":"1a1c01bbd47fc00a2c39e90264f33305004495a9","hash":"c9089f7ad1eabe86790cea4282fea88d1df810fb"}
,"/Users/admin/Desktop/kraken-price-watcher/components/coinHeader/CoinHeader.tsx": {"path":"/Users/admin/Desktop/kraken-price-watcher/components/coinHeader/CoinHeader.tsx","statementMap":{"0":{"start":{"line":10,"column":18},"end":{"line":10,"column":38}},"1":{"start":{"line":11,"column":17},"end":{"line":11,"column":43}},"2":{"start":{"line":13,"column":2},"end":{"line":35,"column":4}},"3":{"start":{"line":38,"column":15},"end":{"line":58,"column":2}}},"fnMap":{"0":{"name":"CoinHeader","decl":{"start":{"line":9,"column":24},"end":{"line":9,"column":34}},"loc":{"start":{"line":9,"column":61},"end":{"line":36,"column":1}},"line":9}},"branchMap":{},"s":{"0":2,"1":2,"2":2,"3":1},"f":{"0":2},"b":{},"_coverageSchema":"1a1c01bbd47fc00a2c39e90264f33305004495a9","hash":"afda3521a3be2c01b39173cab0e27a4741e446b7"}
,"/Users/admin/Desktop/kraken-price-watcher/components/coinStats/CoinStats.tsx": {"path":"/Users/admin/Desktop/kraken-price-watcher/components/coinStats/CoinStats.tsx","statementMap":{"0":{"start":{"line":6,"column":2},"end":{"line":11,"column":4}},"1":{"start":{"line":15,"column":2},"end":{"line":21,"column":4}},"2":{"start":{"line":24,"column":15},"end":{"line":44,"column":2}}},"fnMap":{"0":{"name":"Stat","decl":{"start":{"line":5,"column":9},"end":{"line":5,"column":13}},"loc":{"start":{"line":5,"column":66},"end":{"line":12,"column":1}},"line":5},"1":{"name":"CoinStats","decl":{"start":{"line":14,"column":24},"end":{"line":14,"column":33}},"loc":{"start":{"line":14,"column":60},"end":{"line":22,"column":1}},"line":14}},"branchMap":{},"s":{"0":2,"1":1,"2":1},"f":{"0":2,"1":1},"b":{},"_coverageSchema":"1a1c01bbd47fc00a2c39e90264f33305004495a9","hash":"e157e70fec8bcc9718c9b568196337d475af3f01"}
,"/Users/admin/Desktop/kraken-price-watcher/components/priceTickIndicator/PriceTickIndicator.tsx": {"path":"/Users/admin/Desktop/kraken-price-watcher/components/priceTickIndicator/PriceTickIndicator.tsx","statementMap":{"0":{"start":{"line":13,"column":20},"end":{"line":13,"column":33}},"1":{"start":{"line":14,"column":36},"end":{"line":14,"column":68}},"2":{"start":{"line":16,"column":20},"end":{"line":16,"column":57}},"3":{"start":{"line":16,"column":35},"end":{"line":16,"column":56}},"4":{"start":{"line":18,"column":2},"end":{"line":37,"column":23}},"5":{"start":{"line":19,"column":17},"end":{"line":19,"column":34}},"6":{"start":{"line":20,"column":4},"end":{"line":20,"column":30}},"7":{"start":{"line":21,"column":4},"end":{"line":21,"column":31}},"8":{"start":{"line":21,"column":24},"end":{"line":21,"column":31}},"9":{"start":{"line":23,"column":4},"end":{"line":23,"column":47}},"10":{"start":{"line":26,"column":4},"end":{"line":26,"column":24}},"11":{"start":{"line":27,"column":22},"end":{"line":31,"column":6}},"12":{"start":{"line":32,"column":4},"end":{"line":34,"column":7}},"13":{"start":{"line":33,"column":6},"end":{"line":33,"column":39}},"14":{"start":{"line":33,"column":20},"end":{"line":33,"column":39}},"15":{"start":{"line":36,"column":4},"end":{"line":36,"column":34}},"16":{"start":{"line":36,"column":17},"end":{"line":36,"column":33}},"17":{"start":{"line":39,"column":2},"end":{"line":39,"column":30}},"18":{"start":{"line":39,"column":18},"end":{"line":39,"column":30}},"19":{"start":{"line":41,"column":2},"end":{"line":49,"column":4}}},"fnMap":{"0":{"name":"PriceTickIndicator","decl":{"start":{"line":12,"column":24},"end":{"line":12,"column":42}},"loc":{"start":{"line":12,"column":79},"end":{"line":50,"column":1}},"line":12},"1":{"name":"(anonymous_1)","decl":{"start":{"line":16,"column":29},"end":{"line":16,"column":30}},"loc":{"start":{"line":16,"column":35},"end":{"line":16,"column":56}},"line":16},"2":{"name":"(anonymous_2)","decl":{"start":{"line":18,"column":12},"end":{"line":18,"column":13}},"loc":{"start":{"line":18,"column":18},"end":{"line":37,"column":3}},"line":18},"3":{"name":"(anonymous_3)","decl":{"start":{"line":32,"column":20},"end":{"line":32,"column":21}},"loc":{"start":{"line":32,"column":38},"end":{"line":34,"column":5}},"line":32},"4":{"name":"(anonymous_4)","decl":{"start":{"line":36,"column":11},"end":{"line":36,"column":12}},"loc":{"start":{"line":36,"column":17},"end":{"line":36,"column":33}},"line":36}},"branchMap":{"0":{"loc":{"start":{"line":21,"column":4},"end":{"line":21,"column":31}},"type":"if","locations":[{"start":{"line":21,"column":4},"end":{"line":21,"column":31}},{"start":{},"end":{}}],"line":21},"1":{"loc":{"start":{"line":23,"column":17},"end":{"line":23,"column":45}},"type":"cond-expr","locations":[{"start":{"line":23,"column":32},"end":{"line":23,"column":36}},{"start":{"line":23,"column":39},"end":{"line":23,"column":45}}],"line":23},"2":{"loc":{"start":{"line":33,"column":6},"end":{"line":33,"column":39}},"type":"if","locations":[{"start":{"line":33,"column":6},"end":{"line":33,"column":39}},{"start":{},"end":{}}],"line":33},"3":{"loc":{"start":{"line":39,"column":2},"end":{"line":39,"column":30}},"type":"if","locations":[{"start":{"line":39,"column":2},"end":{"line":39,"column":30}},{"start":{},"end":{}}],"line":39},"4":{"loc":{"start":{"line":44,"column":14},"end":{"line":44,"column":60}},"type":"cond-expr","locations":[{"start":{"line":44,"column":35},"end":{"line":44,"column":45}},{"start":{"line":44,"column":48},"end":{"line":44,"column":60}}],"line":44}},"s":{"0":9,"1":9,"2":9,"3":5,"4":9,"5":7,"6":7,"7":7,"8":5,"9":2,"10":2,"11":2,"12":2,"13":0,"14":0,"15":2,"16":2,"17":9,"18":7,"19":2},"f":{"0":9,"1":5,"2":7,"3":0,"4":2},"b":{"0":[5,2],"1":[1,1],"2":[0,0],"3":[7,2],"4":[1,1]},"_coverageSchema":"1a1c01bbd47fc00a2c39e90264f33305004495a9","hash":"71f10471e2e84a6a2ca1a7580c9d1697755b896e"}
,"/Users/admin/Desktop/kraken-price-watcher/hooks/useCandles.ts": {"path":"/Users/admin/Desktop/kraken-price-watcher/hooks/useCandles.ts","statementMap":{"0":{"start":{"line":10,"column":21},"end":{"line":10,"column":34}},"1":{"start":{"line":17,"column":14},"end":{"line":17,"column":43}},"2":{"start":{"line":19,"column":19},"end":{"line":22,"column":1}},"3":{"start":{"line":20,"column":16},"end":{"line":20,"column":33}},"4":{"start":{"line":21,"column":2},"end":{"line":21,"column":75}},"5":{"start":{"line":24,"column":23},"end":{"line":32,"column":65}},"6":{"start":{"line":25,"column":2},"end":{"line":32,"column":65}},"7":{"start":{"line":29,"column":6},"end":{"line":29,"column":53}},"8":{"start":{"line":29,"column":17},"end":{"line":29,"column":53}},"9":{"start":{"line":30,"column":6},"end":{"line":30,"column":22}},"10":{"start":{"line":32,"column":32},"end":{"line":32,"column":64}},"11":{"start":{"line":41,"column":18},"end":{"line":47,"column":1}},"12":{"start":{"line":42,"column":17},"end":{"line":42,"column":35}},"13":{"start":{"line":43,"column":2},"end":{"line":46,"column":4}},"14":{"start":{"line":52,"column":28},"end":{"line":52,"column":75}},"15":{"start":{"line":52,"column":57},"end":{"line":52,"column":74}},"16":{"start":{"line":53,"column":36},"end":{"line":53,"column":52}},"17":{"start":{"line":57,"column":2},"end":{"line":60,"column":3}},"18":{"start":{"line":58,"column":4},"end":{"line":58,"column":25}},"19":{"start":{"line":59,"column":4},"end":{"line":59,"column":32}},"20":{"start":{"line":62,"column":2},"end":{"line":82,"column":15}},"21":{"start":{"line":63,"column":4},"end":{"line":63,"column":35}},"22":{"start":{"line":63,"column":28},"end":{"line":63,"column":35}},"23":{"start":{"line":65,"column":20},"end":{"line":65,"column":25}},"24":{"start":{"line":66,"column":4},"end":{"line":77,"column":9}},"25":{"start":{"line":66,"column":39},"end":{"line":66,"column":65}},"26":{"start":{"line":68,"column":8},"end":{"line":68,"column":30}},"27":{"start":{"line":68,"column":23},"end":{"line":68,"column":30}},"28":{"start":{"line":69,"column":21},"end":{"line":69,"column":70}},"29":{"start":{"line":70,"column":8},"end":{"line":70,"column":52}},"30":{"start":{"line":71,"column":8},"end":{"line":71,"column":71}},"31":{"start":{"line":74,"column":8},"end":{"line":76,"column":9}},"32":{"start":{"line":75,"column":10},"end":{"line":75,"column":66}},"33":{"start":{"line":75,"column":27},"end":{"line":75,"column":63}},"34":{"start":{"line":79,"column":4},"end":{"line":81,"column":6}},"35":{"start":{"line":80,"column":6},"end":{"line":80,"column":23}},"36":{"start":{"line":84,"column":2},"end":{"line":84,"column":15}}},"fnMap":{"0":{"name":"(anonymous_0)","decl":{"start":{"line":19,"column":19},"end":{"line":19,"column":20}},"loc":{"start":{"line":19,"column":63},"end":{"line":22,"column":1}},"line":19},"1":{"name":"(anonymous_1)","decl":{"start":{"line":24,"column":23},"end":{"line":24,"column":24}},"loc":{"start":{"line":25,"column":2},"end":{"line":32,"column":65}},"line":25},"2":{"name":"(anonymous_2)","decl":{"start":{"line":28,"column":10},"end":{"line":28,"column":11}},"loc":{"start":{"line":28,"column":17},"end":{"line":31,"column":5}},"line":28},"3":{"name":"(anonymous_3)","decl":{"start":{"line":32,"column":10},"end":{"line":32,"column":11}},"loc":{"start":{"line":32,"column":32},"end":{"line":32,"column":64}},"line":32},"4":{"name":"(anonymous_4)","decl":{"start":{"line":41,"column":18},"end":{"line":41,"column":19}},"loc":{"start":{"line":41,"column":52},"end":{"line":47,"column":1}},"line":41},"5":{"name":"useCandles","decl":{"start":{"line":51,"column":16},"end":{"line":51,"column":26}},"loc":{"start":{"line":51,"column":57},"end":{"line":85,"column":1}},"line":51},"6":{"name":"(anonymous_6)","decl":{"start":{"line":52,"column":51},"end":{"line":52,"column":52}},"loc":{"start":{"line":52,"column":57},"end":{"line":52,"column":74}},"line":52},"7":{"name":"(anonymous_7)","decl":{"start":{"line":62,"column":12},"end":{"line":62,"column":13}},"loc":{"start":{"line":62,"column":18},"end":{"line":82,"column":3}},"line":62},"8":{"name":"(anonymous_8)","decl":{"start":{"line":66,"column":31},"end":{"line":66,"column":32}},"loc":{"start":{"line":66,"column":39},"end":{"line":66,"column":65}},"line":66},"9":{"name":"(anonymous_9)","decl":{"start":{"line":67,"column":12},"end":{"line":67,"column":13}},"loc":{"start":{"line":67,"column":25},"end":{"line":72,"column":7}},"line":67},"10":{"name":"(anonymous_10)","decl":{"start":{"line":73,"column":13},"end":{"line":73,"column":14}},"loc":{"start":{"line":73,"column":19},"end":{"line":77,"column":7}},"line":73},"11":{"name":"(anonymous_11)","decl":{"start":{"line":75,"column":19},"end":{"line":75,"column":20}},"loc":{"start":{"line":75,"column":27},"end":{"line":75,"column":63}},"line":75},"12":{"name":"(anonymous_12)","decl":{"start":{"line":79,"column":11},"end":{"line":79,"column":12}},"loc":{"start":{"line":79,"column":17},"end":{"line":81,"column":5}},"line":79}},"branchMap":{"0":{"loc":{"start":{"line":21,"column":9},"end":{"line":21,"column":74}},"type":"cond-expr","locations":[{"start":{"line":21,"column":57},"end":{"line":21,"column":62}},{"start":{"line":21,"column":65},"end":{"line":21,"column":74}}],"line":21},"1":{"loc":{"start":{"line":21,"column":9},"end":{"line":21,"column":54}},"type":"binary-expr","locations":[{"start":{"line":21,"column":9},"end":{"line":21,"column":14}},{"start":{"line":21,"column":18},"end":{"line":21,"column":54}}],"line":21},"2":{"loc":{"start":{"line":29,"column":6},"end":{"line":29,"column":53}},"type":"if","locations":[{"start":{"line":29,"column":6},"end":{"line":29,"column":53}},{"start":{},"end":{}}],"line":29},"3":{"loc":{"start":{"line":45,"column":12},"end":{"line":45,"column":64}},"type":"cond-expr","locations":[{"start":{"line":45,"column":21},"end":{"line":45,"column":42}},{"start":{"line":45,"column":45},"end":{"line":45,"column":64}}],"line":45},"4":{"loc":{"start":{"line":57,"column":2},"end":{"line":60,"column":3}},"type":"if","locations":[{"start":{"line":57,"column":2},"end":{"line":60,"column":3}},{"start":{},"end":{}}],"line":57},"5":{"loc":{"start":{"line":63,"column":4},"end":{"line":63,"column":35}},"type":"if","locations":[{"start":{"line":63,"column":4},"end":{"line":63,"column":35}},{"start":{},"end":{}}],"line":63},"6":{"loc":{"start":{"line":68,"column":8},"end":{"line":68,"column":30}},"type":"if","locations":[{"start":{"line":68,"column":8},"end":{"line":68,"column":30}},{"start":{},"end":{}}],"line":68},"7":{"loc":{"start":{"line":74,"column":8},"end":{"line":76,"column":9}},"type":"if","locations":[{"start":{"line":74,"column":8},"end":{"line":76,"column":9}},{"start":{},"end":{}}],"line":74}},"s":{"0":0,"1":0,"2":0,"3":0,"4":0,"5":0,"6":0,"7":0,"8":0,"9":0,"10":0,"11":0,"12":0,"13":0,"14":0,"15":0,"16":0,"17":0,"18":0,"19":0,"20":0,"21":0,"22":0,"23":0,"24":0,"25":0,"26":0,"27":0,"28":0,"29":0,"30":0,"31":0,"32":0,"33":0,"34":0,"35":0,"36":0},"f":{"0":0,"1":0,"2":0,"3":0,"4":0,"5":0,"6":0,"7":0,"8":0,"9":0,"10":0,"11":0,"12":0},"b":{"0":[0,0],"1":[0,0],"2":[0,0],"3":[0,0],"4":[0,0],"5":[0,0],"6":[0,0],"7":[0,0]}}
,"/Users/admin/Desktop/kraken-price-watcher/lib/candleChart.ts": {"path":"/Users/admin/Desktop/kraken-price-watcher/lib/candleChart.ts","statementMap":{"0":{"start":{"line":4,"column":57},"end":{"line":8,"column":1}},"1":{"start":{"line":11,"column":26},"end":{"line":11,"column":50}},"2":{"start":{"line":15,"column":2},"end":{"line":15,"column":60}},"3":{"start":{"line":15,"column":40},"end":{"line":15,"column":57}},"4":{"start":{"line":22,"column":2},"end":{"line":22,"column":60}},"5":{"start":{"line":22,"column":45},"end":{"line":22,"column":60}},"6":{"start":{"line":23,"column":15},"end":{"line":23,"column":42}},"7":{"start":{"line":24,"column":26},"end":{"line":29,"column":3}},"8":{"start":{"line":30,"column":2},"end":{"line":30,"column":44}},"9":{"start":{"line":36,"column":2},"end":{"line":36,"column":40}},"10":{"start":{"line":36,"column":28},"end":{"line":36,"column":40}},"11":{"start":{"line":37,"column":16},"end":{"line":37,"column":28}},"12":{"start":{"line":38,"column":2},"end":{"line":38,"column":31}},"13":{"start":{"line":38,"column":19},"end":{"line":38,"column":31}},"14":{"start":{"line":39,"column":15},"end":{"line":39,"column":44}},"15":{"start":{"line":40,"column":2},"end":{"line":40,"column":40}},"16":{"start":{"line":45,"column":2},"end":{"line":45,"column":54}},"17":{"start":{"line":54,"column":2},"end":{"line":54,"column":54}},"18":{"start":{"line":54,"column":28},"end":{"line":54,"column":54}},"19":{"start":{"line":55,"column":2},"end":{"line":58,"column":4}},"20":{"start":{"line":56,"column":40},"end":{"line":56,"column":43}},"21":{"start":{"line":57,"column":40},"end":{"line":57,"column":43}},"22":{"start":{"line":67,"column":16},"end":{"line":67,"column":44}},"23":{"start":{"line":68,"column":2},"end":{"line":68,"column":58}},"24":{"start":{"line":73,"column":14},"end":{"line":73,"column":43}},"25":{"start":{"line":74,"column":15},"end":{"line":74,"column":40}},"26":{"start":{"line":76,"column":2},"end":{"line":77,"column":65}},"27":{"start":{"line":76,"column":13},"end":{"line":76,"column":70}},"28":{"start":{"line":77,"column":7},"end":{"line":77,"column":65}},"29":{"start":{"line":78,"column":2},"end":{"line":78,"column":34}},"30":{"start":{"line":82,"column":2},"end":{"line":82,"column":31}},"31":{"start":{"line":82,"column":18},"end":{"line":82,"column":31}},"32":{"start":{"line":83,"column":16},"end":{"line":83,"column":41}},"33":{"start":{"line":84,"column":15},"end":{"line":84,"column":60}},"34":{"start":{"line":85,"column":18},"end":{"line":85,"column":47}},"35":{"start":{"line":86,"column":18},"end":{"line":86,"column":46}},"36":{"start":{"line":87,"column":26},"end":{"line":87,"column":28}},"37":{"start":{"line":88,"column":2},"end":{"line":90,"column":3}},"38":{"start":{"line":88,"column":15},"end":{"line":88,"column":22}},"39":{"start":{"line":89,"column":4},"end":{"line":89,"column":38}},"40":{"start":{"line":91,"column":2},"end":{"line":91,"column":15}},"41":{"start":{"line":97,"column":2},"end":{"line":97,"column":38}},"42":{"start":{"line":97,"column":28},"end":{"line":97,"column":38}},"43":{"start":{"line":98,"column":12},"end":{"line":98,"column":30}},"44":{"start":{"line":99,"column":2},"end":{"line":99,"column":26}},"45":{"start":{"line":99,"column":15},"end":{"line":99,"column":26}},"46":{"start":{"line":100,"column":2},"end":{"line":100,"column":82}},"47":{"start":{"line":100,"column":45},"end":{"line":100,"column":80}},"48":{"start":{"line":104,"column":2},"end":{"line":104,"column":80}},"49":{"start":{"line":104,"column":17},"end":{"line":104,"column":80}},"50":{"start":{"line":105,"column":2},"end":{"line":105,"column":34}},"51":{"start":{"line":105,"column":14},"end":{"line":105,"column":34}},"52":{"start":{"line":106,"column":2},"end":{"line":106,"column":26}},"53":{"start":{"line":109,"column":15},"end":{"line":122,"column":1}},"54":{"start":{"line":123,"column":12},"end":{"line":123,"column":53}},"55":{"start":{"line":123,"column":27},"end":{"line":123,"column":53}},"56":{"start":{"line":126,"column":16},"end":{"line":126,"column":47}},"57":{"start":{"line":127,"column":15},"end":{"line":127,"column":71}},"58":{"start":{"line":128,"column":2},"end":{"line":128,"column":53}},"59":{"start":{"line":133,"column":12},"end":{"line":133,"column":24}},"60":{"start":{"line":134,"column":2},"end":{"line":141,"column":3}},"61":{"start":{"line":136,"column":6},"end":{"line":136,"column":59}},"62":{"start":{"line":138,"column":6},"end":{"line":138,"column":60}},"63":{"start":{"line":140,"column":6},"end":{"line":140,"column":57}},"64":{"start":{"line":163,"column":2},"end":{"line":163,"column":38}},"65":{"start":{"line":163,"column":28},"end":{"line":163,"column":38}},"66":{"start":{"line":165,"column":28},"end":{"line":165,"column":32}},"67":{"start":{"line":166,"column":15},"end":{"line":166,"column":37}},"68":{"start":{"line":167,"column":20},"end":{"line":167,"column":43}},"69":{"start":{"line":169,"column":2},"end":{"line":183,"column":5}},"70":{"start":{"line":170,"column":19},"end":{"line":170,"column":35}},"71":{"start":{"line":171,"column":16},"end":{"line":171,"column":60}},"72":{"start":{"line":172,"column":19},"end":{"line":172,"column":63}},"73":{"start":{"line":173,"column":4},"end":{"line":182,"column":6}}},"fnMap":{"0":{"name":"mapOhlcRows","decl":{"start":{"line":14,"column":16},"end":{"line":14,"column":27}},"loc":{"start":{"line":14,"column":56},"end":{"line":16,"column":1}},"line":14},"1":{"name":"(anonymous_1)","decl":{"start":{"line":15,"column":18},"end":{"line":15,"column":19}},"loc":{"start":{"line":15,"column":40},"end":{"line":15,"column":57}},"line":15},"2":{"name":"applyLivePrice","decl":{"start":{"line":21,"column":16},"end":{"line":21,"column":30}},"loc":{"start":{"line":21,"column":76},"end":{"line":31,"column":1}},"line":21},"3":{"name":"periodChangePct","decl":{"start":{"line":35,"column":16},"end":{"line":35,"column":31}},"loc":{"start":{"line":35,"column":66},"end":{"line":41,"column":1}},"line":35},"4":{"name":"formatSignedPct","decl":{"start":{"line":44,"column":16},"end":{"line":44,"column":31}},"loc":{"start":{"line":44,"column":53},"end":{"line":46,"column":1}},"line":44},"5":{"name":"priceDomain","decl":{"start":{"line":53,"column":16},"end":{"line":53,"column":27}},"loc":{"start":{"line":53,"column":60},"end":{"line":59,"column":1}},"line":53},"6":{"name":"(anonymous_6)","decl":{"start":{"line":56,"column":33},"end":{"line":56,"column":34}},"loc":{"start":{"line":56,"column":40},"end":{"line":56,"column":43}},"line":56},"7":{"name":"(anonymous_7)","decl":{"start":{"line":57,"column":33},"end":{"line":57,"column":34}},"loc":{"start":{"line":57,"column":40},"end":{"line":57,"column":43}},"line":57},"8":{"name":"priceToY","decl":{"start":{"line":62,"column":16},"end":{"line":62,"column":24}},"loc":{"start":{"line":66,"column":10},"end":{"line":69,"column":1}},"line":66},"9":{"name":"niceNum","decl":{"start":{"line":72,"column":9},"end":{"line":72,"column":16}},"loc":{"start":{"line":72,"column":56},"end":{"line":79,"column":1}},"line":72},"10":{"name":"niceTicks","decl":{"start":{"line":81,"column":16},"end":{"line":81,"column":25}},"loc":{"start":{"line":81,"column":73},"end":{"line":92,"column":1}},"line":81},"11":{"name":"evenlySpacedIndices","decl":{"start":{"line":96,"column":16},"end":{"line":96,"column":35}},"loc":{"start":{"line":96,"column":72},"end":{"line":101,"column":1}},"line":96},"12":{"name":"(anonymous_12)","decl":{"start":{"line":100,"column":35},"end":{"line":100,"column":36}},"loc":{"start":{"line":100,"column":45},"end":{"line":100,"column":80}},"line":100},"13":{"name":"formatAxisPrice","decl":{"start":{"line":103,"column":16},"end":{"line":103,"column":31}},"loc":{"start":{"line":103,"column":51},"end":{"line":107,"column":1}},"line":103},"14":{"name":"(anonymous_14)","decl":{"start":{"line":123,"column":12},"end":{"line":123,"column":13}},"loc":{"start":{"line":123,"column":27},"end":{"line":123,"column":53}},"line":123},"15":{"name":"weekOfYear","decl":{"start":{"line":125,"column":9},"end":{"line":125,"column":19}},"loc":{"start":{"line":125,"column":37},"end":{"line":129,"column":1}},"line":125},"16":{"name":"formatAxisTime","decl":{"start":{"line":132,"column":16},"end":{"line":132,"column":30}},"loc":{"start":{"line":132,"column":66},"end":{"line":142,"column":1}},"line":132},"17":{"name":"computeCandleLayout","decl":{"start":{"line":158,"column":16},"end":{"line":158,"column":35}},"loc":{"start":{"line":162,"column":18},"end":{"line":184,"column":1}},"line":162},"18":{"name":"(anonymous_18)","decl":{"start":{"line":169,"column":21},"end":{"line":169,"column":22}},"loc":{"start":{"line":169,"column":31},"end":{"line":183,"column":3}},"line":169}},"branchMap":{"0":{"loc":{"start":{"line":22,"column":2},"end":{"line":22,"column":60}},"type":"if","locations":[{"start":{"line":22,"column":2},"end":{"line":22,"column":60}},{"start":{},"end":{}}],"line":22},"1":{"loc":{"start":{"line":22,"column":6},"end":{"line":22,"column":43}},"type":"binary-expr","locations":[{"start":{"line":22,"column":6},"end":{"line":22,"column":19}},{"start":{"line":22,"column":23},"end":{"line":22,"column":43}}],"line":22},"2":{"loc":{"start":{"line":36,"column":2},"end":{"line":36,"column":40}},"type":"if","locations":[{"start":{"line":36,"column":2},"end":{"line":36,"column":40}},{"start":{},"end":{}}],"line":36},"3":{"loc":{"start":{"line":38,"column":2},"end":{"line":38,"column":31}},"type":"if","locations":[{"start":{"line":38,"column":2},"end":{"line":38,"column":31}},{"start":{},"end":{}}],"line":38},"4":{"loc":{"start":{"line":45,"column":12},"end":{"line":45,"column":32}},"type":"cond-expr","locations":[{"start":{"line":45,"column":23},"end":{"line":45,"column":26}},{"start":{"line":45,"column":29},"end":{"line":45,"column":32}}],"line":45},"5":{"loc":{"start":{"line":54,"column":2},"end":{"line":54,"column":54}},"type":"if","locations":[{"start":{"line":54,"column":2},"end":{"line":54,"column":54}},{"start":{},"end":{}}],"line":54},"6":{"loc":{"start":{"line":67,"column":16},"end":{"line":67,"column":44}},"type":"binary-expr","locations":[{"start":{"line":67,"column":16},"end":{"line":67,"column":39}},{"start":{"line":67,"column":43},"end":{"line":67,"column":44}}],"line":67},"7":{"loc":{"start":{"line":76,"column":2},"end":{"line":77,"column":65}},"type":"if","locations":[{"start":{"line":76,"column":2},"end":{"line":77,"column":65}},{"start":{"line":77,"column":7},"end":{"line":77,"column":65}}],"line":76},"8":{"loc":{"start":{"line":76,"column":20},"end":{"line":76,"column":69}},"type":"cond-expr","locations":[{"start":{"line":76,"column":33},"end":{"line":76,"column":34}},{"start":{"line":76,"column":37},"end":{"line":76,"column":69}}],"line":76},"9":{"loc":{"start":{"line":76,"column":37},"end":{"line":76,"column":69}},"type":"cond-expr","locations":[{"start":{"line":76,"column":48},"end":{"line":76,"column":49}},{"start":{"line":76,"column":52},"end":{"line":76,"column":69}}],"line":76},"10":{"loc":{"start":{"line":76,"column":52},"end":{"line":76,"column":69}},"type":"cond-expr","locations":[{"start":{"line":76,"column":63},"end":{"line":76,"column":64}},{"start":{"line":76,"column":67},"end":{"line":76,"column":69}}],"line":76},"11":{"loc":{"start":{"line":77,"column":14},"end":{"line":77,"column":64}},"type":"cond-expr","locations":[{"start":{"line":77,"column":26},"end":{"line":77,"column":27}},{"start":{"line":77,"column":30},"end":{"line":77,"column":64}}],"line":77},"12":{"loc":{"start":{"line":77,"column":30},"end":{"line":77,"column":64}},"type":"cond-expr","locations":[{"start":{"line":77,"column":42},"end":{"line":77,"column":43}},{"start":{"line":77,"column":46},"end":{"line":77,"column":64}}],"line":77},"13":{"loc":{"start":{"line":77,"column":46},"end":{"line":77,"column":64}},"type":"cond-expr","locations":[{"start":{"line":77,"column":58},"end":{"line":77,"column":59}},{"start":{"line":77,"column":62},"end":{"line":77,"column":64}}],"line":77},"14":{"loc":{"start":{"line":81,"column":52},"end":{"line":81,"column":61}},"type":"default-arg","locations":[{"start":{"line":81,"column":60},"end":{"line":81,"column":61}}],"line":81},"15":{"loc":{"start":{"line":82,"column":2},"end":{"line":82,"column":31}},"type":"if","locations":[{"start":{"line":82,"column":2},"end":{"line":82,"column":31}},{"start":{},"end":{}}],"line":82},"16":{"loc":{"start":{"line":97,"column":2},"end":{"line":97,"column":38}},"type":"if","locations":[{"start":{"line":97,"column":2},"end":{"line":97,"column":38}},{"start":{},"end":{}}],"line":97},"17":{"loc":{"start":{"line":97,"column":6},"end":{"line":97,"column":26}},"type":"binary-expr","locations":[{"start":{"line":97,"column":6},"end":{"line":97,"column":12}},{"start":{"line":97,"column":16},"end":{"line":97,"column":26}}],"line":97},"18":{"loc":{"start":{"line":99,"column":2},"end":{"line":99,"column":26}},"type":"if","locations":[{"start":{"line":99,"column":2},"end":{"line":99,"column":26}},{"start":{},"end":{}}],"line":99},"19":{"loc":{"start":{"line":104,"column":2},"end":{"line":104,"column":80}},"type":"if","locations":[{"start":{"line":104,"column":2},"end":{"line":104,"column":80}},{"start":{},"end":{}}],"line":104},"20":{"loc":{"start":{"line":105,"column":2},"end":{"line":105,"column":34}},"type":"if","locations":[{"start":{"line":105,"column":2},"end":{"line":105,"column":34}},{"start":{},"end":{}}],"line":105},"21":{"loc":{"start":{"line":134,"column":2},"end":{"line":141,"column":3}},"type":"switch","locations":[{"start":{"line":135,"column":4},"end":{"line":136,"column":59}},{"start":{"line":137,"column":4},"end":{"line":138,"column":60}},{"start":{"line":139,"column":4},"end":{"line":140,"column":57}}],"line":134},"22":{"loc":{"start":{"line":161,"column":2},"end":{"line":161,"column":44}},"type":"default-arg","locations":[{"start":{"line":161,"column":24},"end":{"line":161,"column":44}}],"line":161},"23":{"loc":{"start":{"line":163,"column":2},"end":{"line":163,"column":38}},"type":"if","locations":[{"start":{"line":163,"column":2},"end":{"line":163,"column":38}},{"start":{},"end":{}}],"line":163}},"s":{"0":4,"1":4,"2":1,"3":1,"4":7,"5":3,"6":4,"7":4,"8":4,"9":8,"10":3,"11":5,"12":5,"13":1,"14":4,"15":4,"16":6,"17":9,"18":1,"19":8,"20":14,"21":14,"22":74,"23":74,"24":16,"25":16,"26":16,"27":8,"28":8,"29":16,"30":9,"31":1,"32":8,"33":8,"34":8,"35":8,"36":8,"37":8,"38":8,"39":36,"40":8,"41":9,"42":1,"43":8,"44":8,"45":2,"46":6,"47":16,"48":25,"49":1,"50":24,"51":23,"52":1,"53":4,"54":4,"55":18,"56":3,"57":3,"58":3,"59":12,"60":12,"61":4,"62":5,"63":3,"64":8,"65":1,"66":7,"67":7,"68":7,"69":7,"70":12,"71":12,"72":12,"73":12},"f":{"0":1,"1":1,"2":7,"3":8,"4":6,"5":9,"6":14,"7":14,"8":74,"9":16,"10":9,"11":9,"12":16,"13":25,"14":18,"15":3,"16":12,"17":8,"18":12},"b":{"0":[3,4],"1":[7,6],"2":[3,5],"3":[1,4],"4":[5,1],"5":[1,8],"6":[74,1],"7":[8,8],"8":[5,3],"9":[2,1],"10":[1,0],"11":[2,6],"12":[1,5],"13":[5,0],"14":[0],"15":[1,8],"16":[1,8],"17":[9,8],"18":[2,6],"19":[1,24],"20":[23,1],"21":[4,5,3],"22":[3],"23":[1,7]},"_coverageSchema":"1a1c01bbd47fc00a2c39e90264f33305004495a9","hash":"3d68c4c88ec19462ea6e22ab7542a85730755c64"}
,"/Users/admin/Desktop/kraken-price-watcher/lib/formatPrice.ts": {"path":"/Users/admin/Desktop/kraken-price-watcher/lib/formatPrice.ts","statementMap":{"0":{"start":{"line":5,"column":19},"end":{"line":5,"column":50}},"1":{"start":{"line":6,"column":2},"end":{"line":9,"column":7}}},"fnMap":{"0":{"name":"formatPrice","decl":{"start":{"line":4,"column":16},"end":{"line":4,"column":27}},"loc":{"start":{"line":4,"column":47},"end":{"line":10,"column":1}},"line":4}},"branchMap":{"0":{"loc":{"start":{"line":5,"column":19},"end":{"line":5,"column":50}},"type":"cond-expr","locations":[{"start":{"line":5,"column":32},"end":{"line":5,"column":33}},{"start":{"line":5,"column":36},"end":{"line":5,"column":50}}],"line":5},"1":{"loc":{"start":{"line":5,"column":36},"end":{"line":5,"column":50}},"type":"cond-expr","locations":[{"start":{"line":5,"column":45},"end":{"line":5,"column":46}},{"start":{"line":5,"column":49},"end":{"line":5,"column":50}}],"line":5}},"s":{"0":7,"1":7},"f":{"0":7},"b":{"0":[5,2],"1":[1,1]},"_coverageSchema":"1a1c01bbd47fc00a2c39e90264f33305004495a9","hash":"e99bf89bb75b8fcf51d2910764fc4aad4def2f57"}
,"/Users/admin/Desktop/kraken-price-watcher/screens/CoinDetailScreen.tsx": {"path":"/Users/admin/Desktop/kraken-price-watcher/screens/CoinDetailScreen.tsx","statementMap":{"0":{"start":{"line":16,"column":21},"end":{"line":16,"column":33}},"1":{"start":{"line":18,"column":15},"end":{"line":18,"column":53}},"2":{"start":{"line":20,"column":2},"end":{"line":22,"column":25}},"3":{"start":{"line":21,"column":4},"end":{"line":21,"column":58}},"4":{"start":{"line":21,"column":14},"end":{"line":21,"column":58}},"5":{"start":{"line":24,"column":2},"end":{"line":24,"column":25}},"6":{"start":{"line":24,"column":13},"end":{"line":24,"column":25}},"7":{"start":{"line":26,"column":2},"end":{"line":32,"column":4}},"8":{"start":{"line":35,"column":15},"end":{"line":43,"column":2}}},"fnMap":{"0":{"name":"CoinDetailScreen","decl":{"start":{"line":15,"column":24},"end":{"line":15,"column":40}},"loc":{"start":{"line":15,"column":71},"end":{"line":33,"column":1}},"line":15},"1":{"name":"(anonymous_1)","decl":{"start":{"line":20,"column":18},"end":{"line":20,"column":19}},"loc":{"start":{"line":20,"column":24},"end":{"line":22,"column":3}},"line":20}},"branchMap":{"0":{"loc":{"start":{"line":21,"column":4},"end":{"line":21,"column":58}},"type":"if","locations":[{"start":{"line":21,"column":4},"end":{"line":21,"column":58}},{"start":{},"end":{}}],"line":21},"1":{"loc":{"start":{"line":24,"column":2},"end":{"line":24,"column":25}},"type":"if","locations":[{"start":{"line":24,"column":2},"end":{"line":24,"column":25}},{"start":{},"end":{}}],"line":24}},"s":{"0":0,"1":0,"2":0,"3":0,"4":0,"5":0,"6":0,"7":0,"8":0},"f":{"0":0,"1":0},"b":{"0":[0,0],"1":[0,0]}}
,"/Users/admin/Desktop/kraken-price-watcher/screens/PricesScreen.tsx": {"path":"/Users/admin/Desktop/kraken-price-watcher/screens/PricesScreen.tsx","statementMap":{"0":{"start":{"line":29,"column":19},"end":{"line":29,"column":35}},"1":{"start":{"line":31,"column":18},"end":{"line":31,"column":61}},"2":{"start":{"line":32,"column":17},"end":{"line":32,"column":50}},"3":{"start":{"line":33,"column":16},"end":{"line":33,"column":48}},"4":{"start":{"line":34,"column":15},"end":{"line":34,"column":41}},"5":{"start":{"line":37,"column":38},"end":{"line":37,"column":53}},"6":{"start":{"line":39,"column":20},"end":{"line":39,"column":41}},"7":{"start":{"line":41,"column":4},"end":{"line":41,"column":75}},"8":{"start":{"line":44,"column":2},"end":{"line":46,"column":17}},"9":{"start":{"line":45,"column":4},"end":{"line":45,"column":27}},"10":{"start":{"line":48,"column":20},"end":{"line":52,"column":16}},"11":{"start":{"line":49,"column":4},"end":{"line":49,"column":24}},"12":{"start":{"line":50,"column":4},"end":{"line":50,"column":33}},"13":{"start":{"line":51,"column":4},"end":{"line":51,"column":25}},"14":{"start":{"line":54,"column":2},"end":{"line":60,"column":3}},"15":{"start":{"line":55,"column":4},"end":{"line":59,"column":6}},"16":{"start":{"line":62,"column":2},"end":{"line":71,"column":3}},"17":{"start":{"line":63,"column":4},"end":{"line":70,"column":6}},"18":{"start":{"line":66,"column":50},"end":{"line":66,"column":72}},"19":{"start":{"line":73,"column":2},"end":{"line":110,"column":4}},"20":{"start":{"line":92,"column":30},"end":{"line":92,"column":32}},"21":{"start":{"line":96,"column":10},"end":{"line":99,"column":12}},"22":{"start":{"line":98,"column":28},"end":{"line":98,"column":87}},"23":{"start":{"line":113,"column":15},"end":{"line":159,"column":2}}},"fnMap":{"0":{"name":"PricesScreen","decl":{"start":{"line":28,"column":24},"end":{"line":28,"column":36}},"loc":{"start":{"line":28,"column":60},"end":{"line":111,"column":1}},"line":28},"1":{"name":"(anonymous_1)","decl":{"start":{"line":44,"column":12},"end":{"line":44,"column":13}},"loc":{"start":{"line":44,"column":18},"end":{"line":46,"column":3}},"line":44},"2":{"name":"(anonymous_2)","decl":{"start":{"line":48,"column":32},"end":{"line":48,"column":33}},"loc":{"start":{"line":48,"column":44},"end":{"line":52,"column":3}},"line":48},"3":{"name":"(anonymous_3)","decl":{"start":{"line":66,"column":44},"end":{"line":66,"column":45}},"loc":{"start":{"line":66,"column":50},"end":{"line":66,"column":72}},"line":66},"4":{"name":"(anonymous_4)","decl":{"start":{"line":92,"column":22},"end":{"line":92,"column":23}},"loc":{"start":{"line":92,"column":30},"end":{"line":92,"column":32}},"line":92},"5":{"name":"(anonymous_5)","decl":{"start":{"line":95,"column":20},"end":{"line":95,"column":21}},"loc":{"start":{"line":96,"column":10},"end":{"line":99,"column":12}},"line":96},"6":{"name":"(anonymous_6)","decl":{"start":{"line":98,"column":22},"end":{"line":98,"column":23}},"loc":{"start":{"line":98,"column":28},"end":{"line":98,"column":87}},"line":98}},"branchMap":{"0":{"loc":{"start":{"line":41,"column":4},"end":{"line":41,"column":75}},"type":"cond-expr","locations":[{"start":{"line":41,"column":35},"end":{"line":41,"column":36}},{"start":{"line":41,"column":39},"end":{"line":41,"column":75}}],"line":41},"1":{"loc":{"start":{"line":41,"column":39},"end":{"line":41,"column":75}},"type":"cond-expr","locations":[{"start":{"line":41,"column":70},"end":{"line":41,"column":71}},{"start":{"line":41,"column":74},"end":{"line":41,"column":75}}],"line":41},"2":{"loc":{"start":{"line":54,"column":2},"end":{"line":60,"column":3}},"type":"if","locations":[{"start":{"line":54,"column":2},"end":{"line":60,"column":3}},{"start":{},"end":{}}],"line":54},"3":{"loc":{"start":{"line":62,"column":2},"end":{"line":71,"column":3}},"type":"if","locations":[{"start":{"line":62,"column":2},"end":{"line":71,"column":3}},{"start":{},"end":{}}],"line":62},"4":{"loc":{"start":{"line":62,"column":6},"end":{"line":62,"column":59}},"type":"binary-expr","locations":[{"start":{"line":62,"column":6},"end":{"line":62,"column":35}},{"start":{"line":62,"column":39},"end":{"line":62,"column":59}}],"line":62},"5":{"loc":{"start":{"line":65,"column":40},"end":{"line":65,"column":71}},"type":"binary-expr","locations":[{"start":{"line":65,"column":40},"end":{"line":65,"column":45}},{"start":{"line":65,"column":49},"end":{"line":65,"column":71}}],"line":65},"6":{"loc":{"start":{"line":81,"column":33},"end":{"line":81,"column":74}},"type":"cond-expr","locations":[{"start":{"line":81,"column":40},"end":{"line":81,"column":54}},{"start":{"line":81,"column":57},"end":{"line":81,"column":74}}],"line":81},"7":{"loc":{"start":{"line":84,"column":41},"end":{"line":84,"column":70}},"type":"cond-expr","locations":[{"start":{"line":84,"column":48},"end":{"line":84,"column":54}},{"start":{"line":84,"column":57},"end":{"line":84,"column":70}}],"line":84},"8":{"loc":{"start":{"line":93,"column":28},"end":{"line":93,"column":70}},"type":"cond-expr","locations":[{"start":{"line":93,"column":45},"end":{"line":93,"column":58}},{"start":{"line":93,"column":61},"end":{"line":93,"column":70}}],"line":93}},"s":{"0":12,"1":12,"2":12,"3":12,"4":12,"5":12,"6":12,"7":12,"8":12,"9":3,"10":12,"11":0,"12":0,"13":0,"14":12,"15":6,"16":6,"17":1,"18":0,"19":5,"20":3,"21":3,"22":1,"23":1},"f":{"0":12,"1":3,"2":0,"3":0,"4":3,"5":3,"6":1},"b":{"0":[0,12],"1":[0,12],"2":[6,6],"3":[1,5],"4":[6,1],"5":[1,0],"6":[0,5],"7":[0,5],"8":[0,5]},"_coverageSchema":"1a1c01bbd47fc00a2c39e90264f33305004495a9","hash":"f30bf163061a7e0d954dd59783e442c45471ab33"}
,"/Users/admin/Desktop/kraken-price-watcher/store/coinsSlice.ts": {"path":"/Users/admin/Desktop/kraken-price-watcher/store/coinsSlice.ts","statementMap":{"0":{"start":{"line":6,"column":2},"end":{"line":6,"column":165}},"1":{"start":{"line":15,"column":33},"end":{"line":19,"column":1}},"2":{"start":{"line":28,"column":26},"end":{"line":42,"column":2}},"3":{"start":{"line":33,"column":2},"end":{"line":41,"column":3}},"4":{"start":{"line":34,"column":16},"end":{"line":34,"column":40}},"5":{"start":{"line":35,"column":4},"end":{"line":35,"column":55}},"6":{"start":{"line":35,"column":17},"end":{"line":35,"column":55}},"7":{"start":{"line":36,"column":4},"end":{"line":36,"column":40}},"8":{"start":{"line":38,"column":4},"end":{"line":40,"column":6}},"9":{"start":{"line":44,"column":19},"end":{"line":79,"column":2}},"10":{"start":{"line":50,"column":6},"end":{"line":58,"column":7}},"11":{"start":{"line":51,"column":21},"end":{"line":53,"column":9}},"12":{"start":{"line":52,"column":17},"end":{"line":52,"column":55}},"13":{"start":{"line":54,"column":8},"end":{"line":57,"column":9}},"14":{"start":{"line":55,"column":10},"end":{"line":55,"column":41}},"15":{"start":{"line":56,"column":10},"end":{"line":56,"column":60}},"16":{"start":{"line":61,"column":6},"end":{"line":61,"column":34}},"17":{"start":{"line":65,"column":4},"end":{"line":77,"column":9}},"18":{"start":{"line":67,"column":8},"end":{"line":67,"column":73}},"19":{"start":{"line":67,"column":38},"end":{"line":67,"column":73}},"20":{"start":{"line":68,"column":8},"end":{"line":68,"column":32}},"21":{"start":{"line":71,"column":8},"end":{"line":71,"column":37}},"22":{"start":{"line":72,"column":8},"end":{"line":72,"column":45}},"23":{"start":{"line":75,"column":8},"end":{"line":75,"column":42}},"24":{"start":{"line":76,"column":8},"end":{"line":76,"column":64}},"25":{"start":{"line":81,"column":55},"end":{"line":81,"column":73}},"26":{"start":{"line":85,"column":27},"end":{"line":85,"column":58}},"27":{"start":{"line":85,"column":45},"end":{"line":85,"column":58}},"28":{"start":{"line":86,"column":33},"end":{"line":86,"column":65}},"29":{"start":{"line":86,"column":51},"end":{"line":86,"column":65}},"30":{"start":{"line":87,"column":32},"end":{"line":87,"column":63}},"31":{"start":{"line":87,"column":50},"end":{"line":87,"column":63}},"32":{"start":{"line":88,"column":26},"end":{"line":88,"column":56}},"33":{"start":{"line":88,"column":44},"end":{"line":88,"column":56}},"34":{"start":{"line":94,"column":29},"end":{"line":94,"column":77}},"35":{"start":{"line":94,"column":47},"end":{"line":94,"column":77}},"36":{"start":{"line":94,"column":72},"end":{"line":94,"column":76}},"37":{"start":{"line":95,"column":30},"end":{"line":96,"column":40}},"38":{"start":{"line":95,"column":46},"end":{"line":96,"column":40}},"39":{"start":{"line":96,"column":2},"end":{"line":96,"column":40}},"40":{"start":{"line":96,"column":28},"end":{"line":96,"column":39}}},"fnMap":{"0":{"name":"(anonymous_0)","decl":{"start":{"line":32,"column":17},"end":{"line":32,"column":18}},"loc":{"start":{"line":32,"column":51},"end":{"line":42,"column":1}},"line":32},"1":{"name":"(anonymous_1)","decl":{"start":{"line":49,"column":4},"end":{"line":49,"column":5}},"loc":{"start":{"line":49,"column":63},"end":{"line":59,"column":5}},"line":49},"2":{"name":"(anonymous_2)","decl":{"start":{"line":52,"column":10},"end":{"line":52,"column":11}},"loc":{"start":{"line":52,"column":17},"end":{"line":52,"column":55}},"line":52},"3":{"name":"(anonymous_3)","decl":{"start":{"line":60,"column":4},"end":{"line":60,"column":5}},"loc":{"start":{"line":60,"column":63},"end":{"line":62,"column":5}},"line":60},"4":{"name":"(anonymous_4)","decl":{"start":{"line":64,"column":17},"end":{"line":64,"column":18}},"loc":{"start":{"line":64,"column":30},"end":{"line":78,"column":3}},"line":64},"5":{"name":"(anonymous_5)","decl":{"start":{"line":66,"column":35},"end":{"line":66,"column":36}},"loc":{"start":{"line":66,"column":46},"end":{"line":69,"column":7}},"line":66},"6":{"name":"(anonymous_6)","decl":{"start":{"line":70,"column":37},"end":{"line":70,"column":38}},"loc":{"start":{"line":70,"column":79},"end":{"line":73,"column":7}},"line":70},"7":{"name":"(anonymous_7)","decl":{"start":{"line":74,"column":36},"end":{"line":74,"column":37}},"loc":{"start":{"line":74,"column":55},"end":{"line":77,"column":7}},"line":74},"8":{"name":"(anonymous_8)","decl":{"start":{"line":85,"column":27},"end":{"line":85,"column":28}},"loc":{"start":{"line":85,"column":45},"end":{"line":85,"column":58}},"line":85},"9":{"name":"(anonymous_9)","decl":{"start":{"line":86,"column":33},"end":{"line":86,"column":34}},"loc":{"start":{"line":86,"column":51},"end":{"line":86,"column":65}},"line":86},"10":{"name":"(anonymous_10)","decl":{"start":{"line":87,"column":32},"end":{"line":87,"column":33}},"loc":{"start":{"line":87,"column":50},"end":{"line":87,"column":63}},"line":87},"11":{"name":"(anonymous_11)","decl":{"start":{"line":88,"column":26},"end":{"line":88,"column":27}},"loc":{"start":{"line":88,"column":44},"end":{"line":88,"column":56}},"line":88},"12":{"name":"(anonymous_12)","decl":{"start":{"line":94,"column":29},"end":{"line":94,"column":30}},"loc":{"start":{"line":94,"column":47},"end":{"line":94,"column":77}},"line":94},"13":{"name":"(anonymous_13)","decl":{"start":{"line":94,"column":65},"end":{"line":94,"column":66}},"loc":{"start":{"line":94,"column":72},"end":{"line":94,"column":76}},"line":94},"14":{"name":"(anonymous_14)","decl":{"start":{"line":95,"column":30},"end":{"line":95,"column":31}},"loc":{"start":{"line":95,"column":46},"end":{"line":96,"column":40}},"line":95},"15":{"name":"(anonymous_15)","decl":{"start":{"line":95,"column":46},"end":{"line":95,"column":47}},"loc":{"start":{"line":96,"column":2},"end":{"line":96,"column":40}},"line":96},"16":{"name":"(anonymous_16)","decl":{"start":{"line":96,"column":21},"end":{"line":96,"column":22}},"loc":{"start":{"line":96,"column":28},"end":{"line":96,"column":39}},"line":96}},"branchMap":{"0":{"loc":{"start":{"line":35,"column":4},"end":{"line":35,"column":55}},"type":"if","locations":[{"start":{"line":35,"column":4},"end":{"line":35,"column":55}},{"start":{},"end":{}}],"line":35},"1":{"loc":{"start":{"line":39,"column":6},"end":{"line":39,"column":62}},"type":"cond-expr","locations":[{"start":{"line":39,"column":27},"end":{"line":39,"column":36}},{"start":{"line":39,"column":39},"end":{"line":39,"column":62}}],"line":39},"2":{"loc":{"start":{"line":54,"column":8},"end":{"line":57,"column":9}},"type":"if","locations":[{"start":{"line":54,"column":8},"end":{"line":57,"column":9}},{"start":{},"end":{}}],"line":54},"3":{"loc":{"start":{"line":67,"column":8},"end":{"line":67,"column":73}},"type":"if","locations":[{"start":{"line":67,"column":8},"end":{"line":67,"column":73}},{"start":{},"end":{}}],"line":67},"4":{"loc":{"start":{"line":76,"column":22},"end":{"line":76,"column":63}},"type":"binary-expr","locations":[{"start":{"line":76,"column":22},"end":{"line":76,"column":36}},{"start":{"line":76,"column":40},"end":{"line":76,"column":63}}],"line":76}},"s":{"0":3,"1":3,"2":3,"3":6,"4":6,"5":6,"6":2,"7":4,"8":2,"9":3,"10":3,"11":4,"12":5,"13":4,"14":3,"15":3,"16":0,"17":3,"18":6,"19":5,"20":6,"21":4,"22":4,"23":2,"24":2,"25":3,"26":3,"27":0,"28":3,"29":12,"30":3,"31":12,"32":3,"33":12,"34":3,"35":12,"36":3,"37":3,"38":6,"39":12,"40":12},"f":{"0":6,"1":3,"2":5,"3":0,"4":3,"5":6,"6":4,"7":2,"8":0,"9":12,"10":12,"11":12,"12":12,"13":3,"14":6,"15":12,"16":12},"b":{"0":[2,4],"1":[2,0],"2":[3,1],"3":[5,1],"4":[2,0]},"_coverageSchema":"1a1c01bbd47fc00a2c39e90264f33305004495a9","hash":"9fde7f3f0e815a2e928e492692d730ee848d2005"}
,"/Users/admin/Desktop/kraken-price-watcher/store/hooks.ts": {"path":"/Users/admin/Desktop/kraken-price-watcher/store/hooks.ts","statementMap":{"0":{"start":{"line":5,"column":49},"end":{"line":5,"column":60}},"1":{"start":{"line":6,"column":63},"end":{"line":6,"column":74}}},"fnMap":{},"branchMap":{},"s":{"0":2,"1":2},"f":{},"b":{},"_coverageSchema":"1a1c01bbd47fc00a2c39e90264f33305004495a9","hash":"4387922e0e420144253c260d538c5310d875f4a3"}
,"/Users/admin/Desktop/kraken-price-watcher/store/krakenSocket.ts": {"path":"/Users/admin/Desktop/kraken-price-watcher/store/krakenSocket.ts","statementMap":{"0":{"start":{"line":4,"column":15},"end":{"line":4,"column":39}},"1":{"start":{"line":5,"column":17},"end":{"line":5,"column":20}},"2":{"start":{"line":16,"column":16},"end":{"line":16,"column":60}},"3":{"start":{"line":16,"column":35},"end":{"line":16,"column":59}},"4":{"start":{"line":17,"column":17},"end":{"line":17,"column":46}},"5":{"start":{"line":19,"column":29},"end":{"line":19,"column":33}},"6":{"start":{"line":20,"column":58},"end":{"line":20,"column":62}},"7":{"start":{"line":21,"column":61},"end":{"line":21,"column":65}},"8":{"start":{"line":22,"column":16},"end":{"line":22,"column":20}},"9":{"start":{"line":23,"column":16},"end":{"line":23,"column":21}},"10":{"start":{"line":25,"column":16},"end":{"line":29,"column":3}},"11":{"start":{"line":26,"column":4},"end":{"line":26,"column":34}},"12":{"start":{"line":26,"column":27},"end":{"line":26,"column":34}},"13":{"start":{"line":27,"column":4},"end":{"line":27,"column":58}},"14":{"start":{"line":28,"column":4},"end":{"line":28,"column":19}},"15":{"start":{"line":31,"column":28},"end":{"line":37,"column":3}},"16":{"start":{"line":32,"column":4},"end":{"line":32,"column":24}},"17":{"start":{"line":32,"column":17},"end":{"line":32,"column":24}},"18":{"start":{"line":33,"column":4},"end":{"line":36,"column":16}},"19":{"start":{"line":34,"column":6},"end":{"line":34,"column":46}},"20":{"start":{"line":35,"column":6},"end":{"line":35,"column":16}},"21":{"start":{"line":39,"column":18},"end":{"line":84,"column":3}},"22":{"start":{"line":40,"column":4},"end":{"line":40,"column":31}},"23":{"start":{"line":42,"column":4},"end":{"line":52,"column":6}},"24":{"start":{"line":43,"column":6},"end":{"line":43,"column":21}},"25":{"start":{"line":44,"column":6},"end":{"line":44,"column":42}},"26":{"start":{"line":45,"column":6},"end":{"line":50,"column":8}},"27":{"start":{"line":51,"column":6},"end":{"line":51,"column":48}},"28":{"start":{"line":54,"column":4},"end":{"line":70,"column":6}},"29":{"start":{"line":56,"column":6},"end":{"line":60,"column":7}},"30":{"start":{"line":57,"column":8},"end":{"line":57,"column":59}},"31":{"start":{"line":59,"column":8},"end":{"line":59,"column":15}},"32":{"start":{"line":61,"column":6},"end":{"line":61,"column":71}},"33":{"start":{"line":61,"column":64},"end":{"line":61,"column":71}},"34":{"start":{"line":62,"column":6},"end":{"line":69,"column":7}},"35":{"start":{"line":63,"column":21},"end":{"line":63,"column":43}},"36":{"start":{"line":64,"column":8},"end":{"line":68,"column":11}},"37":{"start":{"line":72,"column":4},"end":{"line":79,"column":6}},"38":{"start":{"line":73,"column":6},"end":{"line":73,"column":43}},"39":{"start":{"line":74,"column":6},"end":{"line":77,"column":7}},"40":{"start":{"line":75,"column":8},"end":{"line":75,"column":34}},"41":{"start":{"line":76,"column":8},"end":{"line":76,"column":26}},"42":{"start":{"line":78,"column":6},"end":{"line":78,"column":26}},"43":{"start":{"line":81,"column":4},"end":{"line":83,"column":6}},"44":{"start":{"line":82,"column":6},"end":{"line":82,"column":18}},"45":{"start":{"line":86,"column":2},"end":{"line":86,"column":12}},"46":{"start":{"line":88,"column":2},"end":{"line":93,"column":4}},"47":{"start":{"line":89,"column":4},"end":{"line":89,"column":19}},"48":{"start":{"line":90,"column":4},"end":{"line":90,"column":46}},"49":{"start":{"line":90,"column":20},"end":{"line":90,"column":46}},"50":{"start":{"line":91,"column":4},"end":{"line":91,"column":53}},"51":{"start":{"line":91,"column":24},"end":{"line":91,"column":53}},"52":{"start":{"line":92,"column":4},"end":{"line":92,"column":16}}},"fnMap":{"0":{"name":"startKrakenTicker","decl":{"start":{"line":12,"column":16},"end":{"line":12,"column":33}},"loc":{"start":{"line":15,"column":14},"end":{"line":94,"column":1}},"line":15},"1":{"name":"(anonymous_1)","decl":{"start":{"line":16,"column":28},"end":{"line":16,"column":29}},"loc":{"start":{"line":16,"column":35},"end":{"line":16,"column":59}},"line":16},"2":{"name":"(anonymous_2)","decl":{"start":{"line":25,"column":16},"end":{"line":25,"column":17}},"loc":{"start":{"line":25,"column":22},"end":{"line":29,"column":3}},"line":25},"3":{"name":"(anonymous_3)","decl":{"start":{"line":31,"column":28},"end":{"line":31,"column":29}},"loc":{"start":{"line":31,"column":34},"end":{"line":37,"column":3}},"line":31},"4":{"name":"(anonymous_4)","decl":{"start":{"line":33,"column":32},"end":{"line":33,"column":33}},"loc":{"start":{"line":33,"column":38},"end":{"line":36,"column":5}},"line":33},"5":{"name":"(anonymous_5)","decl":{"start":{"line":39,"column":18},"end":{"line":39,"column":19}},"loc":{"start":{"line":39,"column":24},"end":{"line":84,"column":3}},"line":39},"6":{"name":"(anonymous_6)","decl":{"start":{"line":42,"column":16},"end":{"line":42,"column":17}},"loc":{"start":{"line":42,"column":22},"end":{"line":52,"column":5}},"line":42},"7":{"name":"(anonymous_7)","decl":{"start":{"line":54,"column":19},"end":{"line":54,"column":20}},"loc":{"start":{"line":54,"column":30},"end":{"line":70,"column":5}},"line":54},"8":{"name":"(anonymous_8)","decl":{"start":{"line":72,"column":17},"end":{"line":72,"column":18}},"loc":{"start":{"line":72,"column":23},"end":{"line":79,"column":5}},"line":72},"9":{"name":"(anonymous_9)","decl":{"start":{"line":81,"column":17},"end":{"line":81,"column":18}},"loc":{"start":{"line":81,"column":23},"end":{"line":83,"column":5}},"line":81},"10":{"name":"(anonymous_10)","decl":{"start":{"line":88,"column":9},"end":{"line":88,"column":10}},"loc":{"start":{"line":88,"column":15},"end":{"line":93,"column":3}},"line":88}},"branchMap":{"0":{"loc":{"start":{"line":26,"column":4},"end":{"line":26,"column":34}},"type":"if","locations":[{"start":{"line":26,"column":4},"end":{"line":26,"column":34}},{"start":{},"end":{}}],"line":26},"1":{"loc":{"start":{"line":32,"column":4},"end":{"line":32,"column":24}},"type":"if","locations":[{"start":{"line":32,"column":4},"end":{"line":32,"column":24}},{"start":{},"end":{}}],"line":32},"2":{"loc":{"start":{"line":61,"column":6},"end":{"line":61,"column":71}},"type":"if","locations":[{"start":{"line":61,"column":6},"end":{"line":61,"column":71}},{"start":{},"end":{}}],"line":61},"3":{"loc":{"start":{"line":61,"column":10},"end":{"line":61,"column":62}},"type":"binary-expr","locations":[{"start":{"line":61,"column":10},"end":{"line":61,"column":34}},{"start":{"line":61,"column":38},"end":{"line":61,"column":62}}],"line":61},"4":{"loc":{"start":{"line":74,"column":6},"end":{"line":77,"column":7}},"type":"if","locations":[{"start":{"line":74,"column":6},"end":{"line":77,"column":7}},{"start":{},"end":{}}],"line":74},"5":{"loc":{"start":{"line":90,"column":4},"end":{"line":90,"column":46}},"type":"if","locations":[{"start":{"line":90,"column":4},"end":{"line":90,"column":46}},{"start":{},"end":{}}],"line":90},"6":{"loc":{"start":{"line":91,"column":4},"end":{"line":91,"column":53}},"type":"if","locations":[{"start":{"line":91,"column":4},"end":{"line":91,"column":53}},{"start":{},"end":{}}],"line":91}},"s":{"0":0,"1":0,"2":0,"3":0,"4":0,"5":0,"6":0,"7":0,"8":0,"9":0,"10":0,"11":0,"12":0,"13":0,"14":0,"15":0,"16":0,"17":0,"18":0,"19":0,"20":0,"21":0,"22":0,"23":0,"24":0,"25":0,"26":0,"27":0,"28":0,"29":0,"30":0,"31":0,"32":0,"33":0,"34":0,"35":0,"36":0,"37":0,"38":0,"39":0,"40":0,"41":0,"42":0,"43":0,"44":0,"45":0,"46":0,"47":0,"48":0,"49":0,"50":0,"51":0,"52":0},"f":{"0":0,"1":0,"2":0,"3":0,"4":0,"5":0,"6":0,"7":0,"8":0,"9":0,"10":0},"b":{"0":[0,0],"1":[0,0],"2":[0,0],"3":[0,0],"4":[0,0],"5":[0,0],"6":[0,0]}}
,"/Users/admin/Desktop/kraken-price-watcher/store/listenerMiddleware.ts": {"path":"/Users/admin/Desktop/kraken-price-watcher/store/listenerMiddleware.ts","statementMap":{"0":{"start":{"line":8,"column":34},"end":{"line":8,"column":60}},"1":{"start":{"line":11,"column":26},"end":{"line":14,"column":3}},"2":{"start":{"line":20,"column":0},"end":{"line":32,"column":3}},"3":{"start":{"line":23,"column":4},"end":{"line":23,"column":27}},"4":{"start":{"line":23,"column":20},"end":{"line":23,"column":27}},"5":{"start":{"line":26,"column":20},"end":{"line":26,"column":55}},"6":{"start":{"line":26,"column":46},"end":{"line":26,"column":54}},"7":{"start":{"line":29,"column":4},"end":{"line":29,"column":66}},"8":{"start":{"line":30,"column":4},"end":{"line":30,"column":30}}},"fnMap":{"0":{"name":"(anonymous_0)","decl":{"start":{"line":22,"column":10},"end":{"line":22,"column":11}},"loc":{"start":{"line":22,"column":35},"end":{"line":31,"column":3}},"line":22},"1":{"name":"(anonymous_1)","decl":{"start":{"line":26,"column":39},"end":{"line":26,"column":40}},"loc":{"start":{"line":26,"column":46},"end":{"line":26,"column":54}},"line":26}},"branchMap":{"0":{"loc":{"start":{"line":23,"column":4},"end":{"line":23,"column":27}},"type":"if","locations":[{"start":{"line":23,"column":4},"end":{"line":23,"column":27}},{"start":{},"end":{}}],"line":23}},"s":{"0":0,"1":0,"2":0,"3":0,"4":0,"5":0,"6":0,"7":0,"8":0},"f":{"0":0,"1":0},"b":{"0":[0,0]}}
,"/Users/admin/Desktop/kraken-price-watcher/store/store.ts": {"path":"/Users/admin/Desktop/kraken-price-watcher/store/store.ts","statementMap":{"0":{"start":{"line":5,"column":21},"end":{"line":11,"column":2}},"1":{"start":{"line":10,"column":4},"end":{"line":10,"column":65}}},"fnMap":{"0":{"name":"(anonymous_0)","decl":{"start":{"line":9,"column":14},"end":{"line":9,"column":15}},"loc":{"start":{"line":10,"column":4},"end":{"line":10,"column":65}},"line":10}},"branchMap":{},"s":{"0":0,"1":0},"f":{"0":0},"b":{}}
}
