TN:
SF:theme.ts
FNF:0
FNH:0
DA:4,2
DA:26,2
DA:35,2
DA:50,2
LF:4
LH:4
BRDA:50,0,0,2
BRDA:50,0,1,0
BRF:2
BRH:1
end_of_record
TN:
SF:types.ts
FNF:0
FNH:0
LF:0
LH:0
BRF:0
BRH:0
end_of_record
TN:
SF:components/coinCard/CoinCard.tsx
FN:22,CoinCard
FN:30,(anonymous_1)
FN:32,(anonymous_2)
FNF:3
FNH:3
FNDA:6,CoinCard
FNDA:2,(anonymous_1)
FNDA:5,(anonymous_2)
DA:23,6
DA:24,6
DA:26,5
DA:28,5
DA:30,2
DA:33,5
DA:34,5
DA:72,2
LF:8
LH:8
BRDA:24,0,0,1
BRDA:24,0,1,5
BRDA:37,1,0,5
BRDA:37,1,1,0
BRDA:38,2,0,5
BRDA:38,2,1,0
BRDA:63,3,0,0
BRDA:63,3,1,5
BRF:8
BRH:5
end_of_record
TN:
SF:components/coinCard/CoinCardUtils.ts
FN:3,getCoinDetails
FNF:1
FNH:1
FNDA:8,getCoinDetails
DA:4,8
DA:5,8
LF:2
LH:2
BRDA:8,0,0,1
BRDA:8,0,1,7
BRDA:10,1,0,1
BRDA:10,1,1,7
BRF:4
BRH:4
end_of_record
TN:
SF:screens/PricesScreen.tsx
FN:28,PricesScreen
FN:47,(anonymous_1)
FN:51,(anonymous_2)
FN:69,(anonymous_3)
FN:94,(anonymous_4)
FN:97,(anonymous_5)
FN:100,(anonymous_6)
FNF:7
FNH:5
FNDA:12,PricesScreen
FNDA:3,(anonymous_1)
FNDA:0,(anonymous_2)
FNDA:0,(anonymous_3)
FNDA:3,(anonymous_4)
FNDA:3,(anonymous_5)
FNDA:1,(anonymous_6)
DA:29,12
DA:32,12
DA:33,12
DA:34,12
DA:35,12
DA:38,12
DA:42,12
DA:43,12
DA:47,12
DA:48,3
DA:51,12
DA:52,0
DA:53,0
DA:54,0
DA:57,12
DA:58,6
DA:65,6
DA:66,1
DA:69,0
DA:76,5
DA:94,3
DA:98,3
DA:100,1
DA:115,1
LF:24
LH:20
BRDA:43,0,0,0
BRDA:43,0,1,12
BRDA:43,1,0,0
BRDA:43,1,1,12
BRDA:57,2,0,6
BRDA:57,2,1,6
BRDA:65,3,0,1
BRDA:65,3,1,5
BRDA:65,4,0,6
BRDA:65,4,1,1
BRDA:68,5,0,1
BRDA:68,5,1,0
BRDA:82,6,0,0
BRDA:82,6,1,5
BRDA:84,7,0,0
BRDA:84,7,1,5
BRDA:95,8,0,0
BRDA:95,8,1,5
BRF:18
BRH:12
end_of_record
TN:
SF:store/coinsSlice.ts
FN:32,(anonymous_0)
FN:49,(anonymous_1)
FN:53,(anonymous_2)
FN:61,(anonymous_3)
FN:65,(anonymous_4)
FN:67,(anonymous_5)
FN:71,(anonymous_6)
FN:75,(anonymous_7)
FN:86,(anonymous_8)
FN:87,(anonymous_9)
FN:88,(anonymous_10)
FN:89,(anonymous_11)
FN:95,(anonymous_12)
FN:95,(anonymous_13)
FN:96,(anonymous_14)
FN:96,(anonymous_15)
FN:97,(anonymous_16)
FNF:17
FNH:13
FNDA:3,(anonymous_0)
FNDA:0,(anonymous_1)
FNDA:0,(anonymous_2)
FNDA:0,(anonymous_3)
FNDA:2,(anonymous_4)
FNDA:3,(anonymous_5)
FNDA:2,(anonymous_6)
FNDA:1,(anonymous_7)
FNDA:0,(anonymous_8)
FNDA:12,(anonymous_9)
FNDA:12,(anonymous_10)
FNDA:12,(anonymous_11)
FNDA:12,(anonymous_12)
FNDA:3,(anonymous_13)
FNDA:6,(anonymous_14)
FNDA:12,(anonymous_15)
FNDA:12,(anonymous_16)
DA:6,2
DA:15,2
DA:28,2
DA:33,3
DA:34,3
DA:35,3
DA:36,2
DA:38,1
DA:44,2
DA:50,0
DA:51,0
DA:52,0
DA:53,0
DA:55,0
DA:56,0
DA:57,0
DA:62,0
DA:66,2
DA:68,3
DA:69,3
DA:72,2
DA:73,2
DA:76,1
DA:77,1
DA:82,2
DA:86,2
DA:87,12
DA:88,12
DA:89,12
DA:95,12
DA:96,6
DA:97,12
LF:32
LH:24
BRDA:35,0,0,1
BRDA:35,0,1,2
BRDA:39,1,0,1
BRDA:39,1,1,0
BRDA:55,2,0,0
BRDA:55,2,1,0
BRDA:68,3,0,3
BRDA:68,3,1,0
BRDA:77,4,0,1
BRDA:77,4,1,0
BRF:10
BRH:5
end_of_record
TN:
SF:store/hooks.ts
FNF:0
FNH:0
DA:5,2
DA:6,2
LF:2
LH:2
BRF:0
BRH:0
end_of_record
