TN:
SF:App.tsx
FN:15,App
FNF:1
FNH:0
FNDA:0,App
DA:13,0
DA:16,0
LF:2
LH:0
BRF:0
BRH:0
end_of_record
TN:
SF:theme.ts
FN:30,(anonymous_0)
FNF:1
FNH:1
FNDA:17,(anonymous_0)
DA:4,8
DA:30,17
DA:35,8
DA:44,8
DA:59,8
LF:5
LH:5
BRDA:31,0,0,9
BRDA:31,0,1,8
BRDA:32,1,0,9
BRDA:32,1,1,8
BRDA:59,2,0,8
BRDA:59,2,1,0
BRF:6
BRH:5
end_of_record
TN:
SF:types.ts
FNF:0
FNH:0
LF:0
LH:0
BRF:0
BRH:0
end_of_record
TN:
SF:components/animatedPrice/AnimatedPrice.tsx
FN:11,AnimatedPrice
FN:14,(anonymous_1)
FN:15,(anonymous_2)
FN:20,(anonymous_3)
FN:21,(anonymous_4)
FN:23,(anonymous_5)
FN:25,(anonymous_6)
FN:28,(anonymous_7)
FN:36,(anonymous_8)
FNF:9
FNH:9
FNDA:2,AnimatedPrice
FNDA:2,(anonymous_1)
FNDA:2,(anonymous_2)
FNDA:2,(anonymous_3)
FNDA:2,(anonymous_4)
FNDA:2,(anonymous_5)
FNDA:2,(anonymous_6)
FNDA:2,(anonymous_7)
FNDA:2,(anonymous_8)
DA:14,2
DA:15,2
DA:20,2
DA:21,2
DA:22,2
DA:23,2
DA:25,2
DA:28,2
DA:29,2
DA:35,2
DA:36,2
DA:39,2
LF:12
LH:12
BRDA:23,0,0,2
BRDA:23,0,1,0
BRF:2
BRH:1
end_of_record
TN:
SF:components/candlestickChart/CandlestickChart.tsx
FN:26,CandlestickChart
FN:52,(anonymous_1)
FN:77,(anonymous_2)
FN:101,(anonymous_3)
FNF:4
FNH:4
FNDA:5,CandlestickChart
FNDA:22,(anonymous_1)
FNDA:9,(anonymous_2)
FNDA:9,(anonymous_3)
DA:14,2
DA:15,2
DA:16,2
DA:17,2
DA:32,5
DA:33,5
DA:36,5
DA:37,5
DA:38,5
DA:40,5
DA:47,5
DA:49,5
DA:53,22
DA:54,22
DA:78,9
DA:79,9
DA:102,9
DA:103,9
DA:104,9
LF:19
LH:19
BRDA:78,0,0,8
BRDA:78,0,1,1
BRDA:103,1,0,0
BRDA:103,1,1,9
BRF:4
BRH:3
end_of_record
TN:
SF:components/candlestickChart/TimeframeSelector.tsx
FN:11,TimeframeSelector
FN:14,(anonymous_1)
FN:19,(anonymous_2)
FNF:3
FNH:3
FNDA:7,TimeframeSelector
FNDA:21,(anonymous_1)
FNDA:2,(anonymous_2)
DA:12,7
DA:15,21
DA:16,21
DA:19,2
DA:34,2
LF:5
LH:5
BRDA:22,0,0,21
BRDA:22,0,1,7
BRDA:24,1,0,21
BRDA:24,1,1,7
BRF:4
BRH:4
end_of_record
TN:
SF:components/coinCard/CoinCard.tsx
FN:21,CoinCard
FN:32,(anonymous_1)
FNF:2
FNH:2
FNDA:6,CoinCard
FNDA:5,(anonymous_1)
DA:22,6
DA:23,6
DA:25,5
DA:26,5
DA:28,5
DA:33,5
DA:34,5
DA:69,2
LF:8
LH:8
BRDA:23,0,0,1
BRDA:23,0,1,5
BRDA:37,1,0,5
BRDA:37,1,1,0
BRDA:38,2,0,5
BRDA:38,2,1,0
BRF:6
BRH:4
end_of_record
TN:
SF:components/coinCard/CoinCardUtils.ts
FN:3,getCoinDetails
FNF:1
FNH:1
FNDA:10,getCoinDetails
DA:4,10
DA:5,10
LF:2
LH:2
BRDA:8,0,0,1
BRDA:8,0,1,9
BRF:2
BRH:2
end_of_record
TN:
SF:components/coinChart/CoinChart.tsx
FN:27,CoinChart
FN:38,(anonymous_1)
FN:42,(anonymous_2)
FNF:3
FNH:3
FNDA:6,CoinChart
FNDA:5,(anonymous_1)
FNDA:5,(anonymous_2)
DA:20,1
DA:28,6
DA:29,6
DA:34,6
DA:37,6
DA:38,5
DA:41,6
DA:42,5
DA:46,6
DA:47,6
DA:49,6
DA:89,1
LF:12
LH:12
BRDA:38,0,0,5
BRDA:38,0,1,2
BRDA:52,1,0,6
BRDA:52,1,1,4
BRDA:70,2,0,6
BRDA:70,2,1,1
BRDA:73,3,0,6
BRDA:73,3,1,1
BRDA:76,4,0,6
BRDA:76,4,1,4
BRDA:76,4,2,4
BRF:11
BRH:11
end_of_record
TN:
SF:components/coinHeader/CoinHeader.tsx
FN:9,CoinHeader
FNF:1
FNH:1
FNDA:2,CoinHeader
DA:10,2
DA:11,2
DA:13,2
DA:38,1
LF:4
LH:4
BRF:0
BRH:0
end_of_record
TN:
SF:components/coinStats/CoinStats.tsx
FN:5,Stat
FN:14,CoinStats
FNF:2
FNH:2
FNDA:2,Stat
FNDA:1,CoinStats
DA:6,2
DA:15,1
DA:24,1
LF:3
LH:3
BRF:0
BRH:0
end_of_record
TN:
SF:components/priceTickIndicator/PriceTickIndicator.tsx
FN:12,PriceTickIndicator
FN:16,(anonymous_1)
FN:18,(anonymous_2)
FN:32,(anonymous_3)
FN:36,(anonymous_4)
FNF:5
FNH:4
FNDA:9,PriceTickIndicator
FNDA:5,(anonymous_1)
FNDA:7,(anonymous_2)
FNDA:0,(anonymous_3)
FNDA:2,(anonymous_4)
DA:13,9
DA:14,9
DA:16,9
DA:18,9
DA:19,7
DA:20,7
DA:21,7
DA:23,2
DA:26,2
DA:27,2
DA:32,2
DA:33,0
DA:36,2
DA:39,9
DA:41,2
LF:15
LH:14
BRDA:21,0,0,5
BRDA:21,0,1,2
BRDA:23,1,0,1
BRDA:23,1,1,1
BRDA:33,2,0,0
BRDA:33,2,1,0
BRDA:39,3,0,7
BRDA:39,3,1,2
BRDA:44,4,0,1
BRDA:44,4,1,1
BRF:10
BRH:8
end_of_record
TN:
SF:hooks/useCandles.ts
FN:19,(anonymous_0)
FN:24,(anonymous_1)
FN:28,(anonymous_2)
FN:32,(anonymous_3)
FN:41,(anonymous_4)
FN:51,useCandles
FN:52,(anonymous_6)
FN:62,(anonymous_7)
FN:66,(anonymous_8)
FN:67,(anonymous_9)
FN:73,(anonymous_10)
FN:75,(anonymous_11)
FN:79,(anonymous_12)
FNF:13
FNH:0
FNDA:0,(anonymous_0)
FNDA:0,(anonymous_1)
FNDA:0,(anonymous_2)
FNDA:0,(anonymous_3)
FNDA:0,(anonymous_4)
FNDA:0,useCandles
FNDA:0,(anonymous_6)
FNDA:0,(anonymous_7)
FNDA:0,(anonymous_8)
FNDA:0,(anonymous_9)
FNDA:0,(anonymous_10)
FNDA:0,(anonymous_11)
FNDA:0,(anonymous_12)
DA:10,0
DA:17,0
DA:19,0
DA:20,0
DA:21,0
DA:24,0
DA:25,0
DA:29,0
DA:30,0
DA:32,0
DA:41,0
DA:42,0
DA:43,0
DA:52,0
DA:53,0
DA:57,0
DA:58,0
DA:59,0
DA:62,0
DA:63,0
DA:65,0
DA:66,0
DA:68,0
DA:69,0
DA:70,0
DA:71,0
DA:74,0
DA:75,0
DA:79,0
DA:80,0
DA:84,0
LF:31
LH:0
BRDA:21,0,0,0
BRDA:21,0,1,0
BRDA:21,1,0,0
BRDA:21,1,1,0
BRDA:29,2,0,0
BRDA:29,2,1,0
BRDA:45,3,0,0
BRDA:45,3,1,0
BRDA:57,4,0,0
BRDA:57,4,1,0
BRDA:63,5,0,0
BRDA:63,5,1,0
BRDA:68,6,0,0
BRDA:68,6,1,0
BRDA:74,7,0,0
BRDA:74,7,1,0
BRF:16
BRH:0
end_of_record
TN:
SF:lib/candleChart.ts
FN:14,mapOhlcRows
FN:15,(anonymous_1)
FN:21,applyLivePrice
FN:35,periodChangePct
FN:44,formatSignedPct
FN:53,priceDomain
FN:56,(anonymous_6)
FN:57,(anonymous_7)
FN:62,priceToY
FN:72,niceNum
FN:81,niceTicks
FN:96,evenlySpacedIndices
FN:100,(anonymous_12)
FN:103,formatAxisPrice
FN:123,(anonymous_14)
FN:125,weekOfYear
FN:132,formatAxisTime
FN:158,computeCandleLayout
FN:169,(anonymous_18)
FNF:19
FNH:19
FNDA:1,mapOhlcRows
FNDA:1,(anonymous_1)
FNDA:7,applyLivePrice
FNDA:8,periodChangePct
FNDA:6,formatSignedPct
FNDA:9,priceDomain
FNDA:14,(anonymous_6)
FNDA:14,(anonymous_7)
FNDA:74,priceToY
FNDA:16,niceNum
FNDA:9,niceTicks
FNDA:9,evenlySpacedIndices
FNDA:16,(anonymous_12)
FNDA:25,formatAxisPrice
FNDA:18,(anonymous_14)
FNDA:3,weekOfYear
FNDA:12,formatAxisTime
FNDA:8,computeCandleLayout
FNDA:12,(anonymous_18)
DA:4,4
DA:11,4
DA:15,1
DA:22,7
DA:23,4
DA:24,4
DA:30,4
DA:36,8
DA:37,5
DA:38,5
DA:39,4
DA:40,4
DA:45,6
DA:54,9
DA:55,8
DA:56,14
DA:57,14
DA:67,74
DA:68,74
DA:73,16
DA:74,16
DA:76,16
DA:77,8
DA:78,16
DA:82,9
DA:83,8
DA:84,8
DA:85,8
DA:86,8
DA:87,8
DA:88,8
DA:89,36
DA:91,8
DA:97,9
DA:98,8
DA:99,8
DA:100,16
DA:104,25
DA:105,24
DA:106,1
DA:109,4
DA:123,18
DA:126,3
DA:127,3
DA:128,3
DA:133,12
DA:134,12
DA:136,4
DA:138,5
DA:140,3
DA:163,8
DA:165,7
DA:166,7
DA:167,7
DA:169,7
DA:170,12
DA:171,12
DA:172,12
DA:173,12
LF:59
LH:59
BRDA:22,0,0,3
BRDA:22,0,1,4
BRDA:22,1,0,7
BRDA:22,1,1,6
BRDA:36,2,0,3
BRDA:36,2,1,5
BRDA:38,3,0,1
BRDA:38,3,1,4
BRDA:45,4,0,5
BRDA:45,4,1,1
BRDA:54,5,0,1
BRDA:54,5,1,8
BRDA:67,6,0,74
BRDA:67,6,1,1
BRDA:76,7,0,8
BRDA:76,7,1,8
BRDA:76,8,0,5
BRDA:76,8,1,3
BRDA:76,9,0,2
BRDA:76,9,1,1
BRDA:76,10,0,1
BRDA:76,10,1,0
BRDA:77,11,0,2
BRDA:77,11,1,6
BRDA:77,12,0,1
BRDA:77,12,1,5
BRDA:77,13,0,5
BRDA:77,13,1,0
BRDA:81,14,0,0
BRDA:82,15,0,1
BRDA:82,15,1,8
BRDA:97,16,0,1
BRDA:97,16,1,8
BRDA:97,17,0,9
BRDA:97,17,1,8
BRDA:99,18,0,2
BRDA:99,18,1,6
BRDA:104,19,0,1
BRDA:104,19,1,24
BRDA:105,20,0,23
BRDA:105,20,1,1
BRDA:134,21,0,4
BRDA:134,21,1,5
BRDA:134,21,2,3
BRDA:161,22,0,3
BRDA:163,23,0,1
BRDA:163,23,1,7
BRF:47
BRH:44
end_of_record
TN:
SF:lib/formatPrice.ts
FN:4,formatPrice
FNF:1
FNH:1
FNDA:7,formatPrice
DA:5,7
DA:6,7
LF:2
LH:2
BRDA:5,0,0,5
BRDA:5,0,1,2
BRDA:5,1,0,1
BRDA:5,1,1,1
BRF:4
BRH:4
end_of_record
TN:
SF:screens/CoinDetailScreen.tsx
FN:15,CoinDetailScreen
FN:20,(anonymous_1)
FNF:2
FNH:0
FNDA:0,CoinDetailScreen
FNDA:0,(anonymous_1)
DA:16,0
DA:18,0
DA:20,0
DA:21,0
DA:24,0
DA:26,0
DA:35,0
LF:7
LH:0
BRDA:21,0,0,0
BRDA:21,0,1,0
BRDA:24,1,0,0
BRDA:24,1,1,0
BRF:4
BRH:0
end_of_record
TN:
SF:screens/PricesScreen.tsx
FN:28,PricesScreen
FN:44,(anonymous_1)
FN:48,(anonymous_2)
FN:66,(anonymous_3)
FN:92,(anonymous_4)
FN:95,(anonymous_5)
FN:98,(anonymous_6)
FNF:7
FNH:5
FNDA:12,PricesScreen
FNDA:3,(anonymous_1)
FNDA:0,(anonymous_2)
FNDA:0,(anonymous_3)
FNDA:3,(anonymous_4)
FNDA:3,(anonymous_5)
FNDA:1,(anonymous_6)
DA:29,12
DA:31,12
DA:32,12
DA:33,12
DA:34,12
DA:37,12
DA:39,12
DA:41,12
DA:44,12
DA:45,3
DA:48,12
DA:49,0
DA:50,0
DA:51,0
DA:54,12
DA:55,6
DA:62,6
DA:63,1
DA:66,0
DA:73,5
DA:92,3
DA:96,3
DA:98,1
DA:113,1
LF:24
LH:20
BRDA:41,0,0,0
BRDA:41,0,1,12
BRDA:41,1,0,0
BRDA:41,1,1,12
BRDA:54,2,0,6
BRDA:54,2,1,6
BRDA:62,3,0,1
BRDA:62,3,1,5
BRDA:62,4,0,6
BRDA:62,4,1,1
BRDA:65,5,0,1
BRDA:65,5,1,0
BRDA:81,6,0,0
BRDA:81,6,1,5
BRDA:84,7,0,0
BRDA:84,7,1,5
BRDA:93,8,0,0
BRDA:93,8,1,5
BRF:18
BRH:12
end_of_record
TN:
SF:store/coinsSlice.ts
FN:32,(anonymous_0)
FN:49,(anonymous_1)
FN:52,(anonymous_2)
FN:60,(anonymous_3)
FN:64,(anonymous_4)
FN:66,(anonymous_5)
FN:70,(anonymous_6)
FN:74,(anonymous_7)
FN:85,(anonymous_8)
FN:86,(anonymous_9)
FN:87,(anonymous_10)
FN:88,(anonymous_11)
FN:94,(anonymous_12)
FN:94,(anonymous_13)
FN:95,(anonymous_14)
FN:95,(anonymous_15)
FN:96,(anonymous_16)
FNF:17
FNH:15
FNDA:6,(anonymous_0)
FNDA:3,(anonymous_1)
FNDA:5,(anonymous_2)
FNDA:0,(anonymous_3)
FNDA:3,(anonymous_4)
FNDA:6,(anonymous_5)
FNDA:4,(anonymous_6)
FNDA:2,(anonymous_7)
FNDA:0,(anonymous_8)
FNDA:12,(anonymous_9)
FNDA:12,(anonymous_10)
FNDA:12,(anonymous_11)
FNDA:12,(anonymous_12)
FNDA:3,(anonymous_13)
FNDA:6,(anonymous_14)
FNDA:12,(anonymous_15)
FNDA:12,(anonymous_16)
DA:6,3
DA:15,3
DA:28,3
DA:33,6
DA:34,6
DA:35,6
DA:36,4
DA:38,2
DA:44,3
DA:50,3
DA:51,4
DA:52,5
DA:54,4
DA:55,3
DA:56,3
DA:61,0
DA:65,3
DA:67,6
DA:68,6
DA:71,4
DA:72,4
DA:75,2
DA:76,2
DA:81,3
DA:85,3
DA:86,12
DA:87,12
DA:88,12
DA:94,12
DA:95,6
DA:96,12
LF:31
LH:30
BRDA:35,0,0,2
BRDA:35,0,1,4
BRDA:39,1,0,2
BRDA:39,1,1,0
BRDA:54,2,0,3
BRDA:54,2,1,1
BRDA:67,3,0,5
BRDA:67,3,1,1
BRDA:76,4,0,2
BRDA:76,4,1,0
BRF:10
BRH:8
end_of_record
TN:
SF:store/hooks.ts
FNF:0
FNH:0
DA:5,2
DA:6,2
LF:2
LH:2
BRF:0
BRH:0
end_of_record
TN:
SF:store/krakenSocket.ts
FN:12,startKrakenTicker
FN:16,(anonymous_1)
FN:25,(anonymous_2)
FN:31,(anonymous_3)
FN:33,(anonymous_4)
FN:39,(anonymous_5)
FN:42,(anonymous_6)
FN:54,(anonymous_7)
FN:72,(anonymous_8)
FN:81,(anonymous_9)
FN:88,(anonymous_10)
FNF:11
FNH:0
FNDA:0,startKrakenTicker
FNDA:0,(anonymous_1)
FNDA:0,(anonymous_2)
FNDA:0,(anonymous_3)
FNDA:0,(anonymous_4)
FNDA:0,(anonymous_5)
FNDA:0,(anonymous_6)
FNDA:0,(anonymous_7)
FNDA:0,(anonymous_8)
FNDA:0,(anonymous_9)
FNDA:0,(anonymous_10)
DA:4,0
DA:5,0
DA:16,0
DA:17,0
DA:19,0
DA:20,0
DA:21,0
DA:22,0
DA:23,0
DA:25,0
DA:26,0
DA:27,0
DA:28,0
DA:31,0
DA:32,0
DA:33,0
DA:34,0
DA:35,0
DA:39,0
DA:40,0
DA:42,0
DA:43,0
DA:44,0
DA:45,0
DA:51,0
DA:54,0
DA:56,0
DA:57,0
DA:59,0
DA:61,0
DA:62,0
DA:63,0
DA:64,0
DA:72,0
DA:73,0
DA:74,0
DA:75,0
DA:76,0
DA:78,0
DA:81,0
DA:82,0
DA:86,0
DA:88,0
DA:89,0
DA:90,0
DA:91,0
DA:92,0
LF:47
LH:0
BRDA:26,0,0,0
BRDA:26,0,1,0
BRDA:32,1,0,0
BRDA:32,1,1,0
BRDA:61,2,0,0
BRDA:61,2,1,0
BRDA:61,3,0,0
BRDA:61,3,1,0
BRDA:74,4,0,0
BRDA:74,4,1,0
BRDA:90,5,0,0
BRDA:90,5,1,0
BRDA:91,6,0,0
BRDA:91,6,1,0
BRF:14
BRH:0
end_of_record
TN:
SF:store/listenerMiddleware.ts
FN:22,(anonymous_0)
FN:26,(anonymous_1)
FNF:2
FNH:0
FNDA:0,(anonymous_0)
FNDA:0,(anonymous_1)
DA:8,0
DA:11,0
DA:20,0
DA:23,0
DA:26,0
DA:29,0
DA:30,0
LF:7
LH:0
BRDA:23,0,0,0
BRDA:23,0,1,0
BRF:2
BRH:0
end_of_record
TN:
SF:store/store.ts
FN:9,(anonymous_0)
FNF:1
FNH:0
FNDA:0,(anonymous_0)
DA:5,0
DA:10,0
LF:2
LH:0
BRF:0
BRH:0
end_of_record
